unit USoilWaterMod; { Stand 19.4.09, Grundwasser eingebaut - Ulf B—ttcher }

interface

uses
  UMod, IniFilesNew, UState, ULayeredSoil, UGenucht, Classes, UAbstractSoilHeat,
  UAbstractPlant, USoilTexture, Forms, Chart, Series;

const

  dWg     = 0.0; // 1E-8;     /// delta for changing water contents
  IterMax = 7;

type
  TVGParsFromTexture = (FromPar, FromTexture);
  //TTexture_version = (RR, KA);
  TKsFromTexture   = TVGParsFromTexture;
  Tact_Evaporation = (red_f, inclExfiltration);
  Tm_model         = (Mualem, Burdine, Vereecken);
  /// type of model for calculating the parameter 'm' within the van Genuchten model
  TLowerBoundaryCondition = (NoFlow, FreeFlow, ConstContent, Groundwatertable);
  /// type for specifying lower boundary conditions
  TCompMethod      = (Capacity,
    Diffusion,
    Richards,
    Mixed,
    MixedHydrus
    ); /// type for specifying computation method
  TnFKCalcMethod   = (FromParameter, Input);
  /// type for specifying computation method for nFK
  TIniMethod       = (Watercontents, Potentials, Parameter); /// type for initialization method
  Tred_f           = (modifiedBeese, Beese1978);   /// Type of soil evaporation reduction function
  TSoilWaterParams = array [1 .. max_comp] of TGenucht;
  /// Type for soil water parameters

  TSoilWaterMod = class(TLayeredSoil)
    /// Component implementing vertical soil water transport

  private
    ResetTimeStep: boolean;        /// flag for resetting time step
    NewDay:        boolean;        /// flag for start of a new day
    iter:          integer;        /// number of iterations during internal time step
    delt_iter_max: real;
    /// maximum water content change within a single layer during an internal time step
    start:         byte;
    /// number of layer where solution of equation system starts, mostly the first sometimes the second ..
    wet:           boolean;  /// Sðttigung im obersten Kompartiment ?
    dry:           boolean;  /// Wassergehalt kleiner b_rest im obersten Komp.?
    success:       boolean;  /// solution converged

    fCompMethod: TCompMethod; /// Enumeration type variable for computation method
    fShowWarnings: boolean;   /// Switch for put Warnings on and off
    FVGParsFromTexture: TVGParsFromTexture;
    Texture_version: TTexture_version;
    FKsFromTexture: TKsFromTexture;
    FTextureClass1,
    { Bodenart in Horizont 1 bei TVGParsFromTexture = FromTexture }
    FTextureClass2, FTextureClass3, FTextureClass4: TTextureClass;
    fm_model: Tm_model; /// type of m_model used
    fred_f: Tred_f;   /// Option for soil evaporation reduction function
    dt_alt,           /// alte Zeitschrittweite [d]
    MaxAktAenderWaGe, /// maximale Wassergehaltsðnderung
    akt_bilanz_f, sum_Bilanz_f: real;

    ndx_Weff: integer; /// index of layer where maximum Weff is reached

    Dw_arr,  /// Diffusivitðten [cm2/d] }
    c_arr,   /// specific water capacity
    P,       /// intermediate variable dt.v/(C_arr*??)
    kf,      /// saturated hydraulic conductivities [cm/d]
    psi_neu, /// New estimate of water potential [cm]
    Ku_arr,  /// ungesðttigte hydraulische Leitfðhigkeiten [cm/d] }
    avg_Dw,  /// Mittelwert der Diffusivitðt zwischen 2 Kompartimenten [cm2/d] }
    avg_Ku, /// Mittelwert der ungesttigten hydr. Leitfðhigkeit zwischen 2 Kompartimenten [cm/d] }
    Dw_fact,         /// Intermediate variable
    Ku_fact,         /// Intermediate variable
    B_vektor,        /// Intermediate variable, known values and solution vektor
    lower,           /// lower vector of the tri-diagonal matrix
    diag,            /// central vector of the tri-diagonal matrix
    upper,           /// upper vector of the tri-diagonal matrix
    last_iter_theta, /// Wassergehalte bei der letzten Iteration [cm3/cm3 }
    est_theta: TSoilArray;

    PSI_dummy: TVAR; /// dummy to set array settings

    IniMethod:     TIniMethod;      /// Enumeration type variable for initialisation method
    nFKCalcMethod: TnFKCalcMethod;  ///
    fWeffOpt:      TSource;         /// Source of Weff

    FSoilHeatModel: TAbstractSoilHeat;    /// Link to soil temperature model
    fTransferWGs:   boolean;
    /// Option, if true water contents are written into the next state ini-File of the control file

    procedure Leitfaehigkeiten;
    procedure CapWatSolut;
    procedure get_water_contents;
    procedure Diffwater_solut;
    procedure Richardswater_solut;
    procedure Mixedwater_solut;
    procedure MixedHydruswater_solut;

    procedure get_bilanz;  /// Calculation of soil water balance
    procedure get_new_dt;  /// Calculation of new internal time step width
    procedure get_delt_iter_max;
    /// Calculation of maximal water content change within an internal time step
    procedure set_new_state_vars; /// setting up the new state vars
    procedure calcoverflow;  /// calculation of runoff
    function getNetRain: TExternV;
    function getPot_Evap: TExternV;


  protected
    Untere_Randb: TLowerBoundaryCondition;

    act_n_comp: integer;
    /// actual number of layers to be calculated, variable in case of groundwater influence
    procedure SetPlantModel(NewPlantmodel: TAbstractPlant); override;
    function ndx_str(i: integer): string;
    function getTexture(i: integer): TTextureClass;

  public
    theta_arr:    TSoilvarArray;   /// Wassergehaltsvektor [cm3/cm3]
    theta_neu:    TSoilArray;      /// new soil water contents
    WMenge:       TSoilStateArray; /// Wassermenge je Schicht [cm]
    psi_arr:      TSoilvarArray;   /// Wasserspannungsvektor [cm]
    Wflow_arr:    TSoilvarArray;   /// Flussvektor [cm/d]
    WflowInt_arr: TSoilvarArray;   /// Flussvektor [cm/d] f■r internen Zeitschritt
    Sink_arr:     TSoilvarArray;   /// Sinkvektor [cm]
    SinkInt_arr:  TSoilvarArray;   /// Sinkvektor [cm/d] f■r internen Zeitschritt
    FK_Arr:       TSoilArray;      /// Feldkapazitðt [cm3/cm3]
    PWP_Arr:      TSoilArray;      /// permanenter Welkepunkt [cm3/cm3]
    nFK_Arr:      TSoilArray;      /// nutzbare Feldkapazitðt [cm3/cm3]
    WPar:         TSoilWaterParams; /// Array der Van-Genuchten Parameter f■r jede Schicht

    Wflow_alt: TSoilArray; /// alte Wasserfl■sse [cm/d]
    theta_alt: TSoilArray; /// alte Wassergehalte

    HoriNdx1, HoriNdx2, HoriNdx3, HoriNdx4: TPar;
    /// Index der untersten Schicht im jeweiligen Horizont

    FVGParsFromTextOption: TOption;
    //Texture_versionOption: TOption;
    FKsFromTextOption:     TOption;
    act_EvaporationOption: TOption;
    red_fOption:           TOption;

    OptUntere_Randb: TOption;      //// lowerBoundCond
    OptIniMethod:    TOption;      /// Option for choosing the initialisaiton method
    OptCompMethod:   TOption;      /// Option for choosing the computation method


    Groundwaterdepth: TExternV;
    /// depth of groundwatertable [cm] needed if option is selected

    FTextClass1Option, FTextClass2Option, FTextClass3Option,
    FTextClass4Option: TTextClassOption;
    /// Options for choosing Parameters for 4 distinct horizons

    max_aenderWG:  Tpar; /// maximale Wassergehaltsðnderung pro Zeitschritt
    max_IterError: TPar;
    /// maximum change of water content in a layer between two iterations
    ///

    Max_dt: TPar;     /// maximum internal time step

    bsat_scaling:  TPar;
    /// Parameter for linear scaling of soil hydraulic Parameter bsat
    alpha_scaling: TPar;
    /// Parameter for linear scaling of soil hydraulic Parameter alpha

    /// van-Genuchten Parameter fuer Horizont 1
    b_sat1:  TPar; /// Wassergehalt bei Sðttigung [cm3/cm3] }
    b_rest1: TPar; /// "Restwassergehalt" [cm3/cm3] }
    alpha1:  TPar; /// Fitparameter "" [1/cm] }
    n_par1:  TPar; /// Fitparameter "n" dimensionslos }
    Ks1:     TPar; /// gesðttigte Leitfðhigkeit [cm.d-1]
    FK1:     TPar; /// Feldkapazitðt [cm3/cm3]
    PWP1:    TPar; /// permanenter Welkepunkt
    nFK1:    TPar; /// nutzbare Feldkapazitðt

    /// van-Genuchten Parameter fuer Horizont 2
    b_sat2:  TPar; /// Wassergehalt bei Sðttigung [cm3/cm3] }
    b_rest2: TPar; /// "Restwassergehalt" [cm3/cm3] }
    alpha2:  TPar; /// Fitparameter "" [1/cm] }
    n_par2:  TPar; /// Fitparameter "n" dimensionslos }
    Ks2:     TPar; /// gesðttigte Leitfðhigkeit [cm.d-1]
    FK2:     TPar; /// Feldkapazitðt [cm3/cm3]
    PWP2:    TPar; /// permanenter Welkepunkt
    nFK2:    TPar; /// nutzbare Feldkapazitðt

    /// van-Genuchten Parameter fuer Horizont 3
    b_sat3:  TPar; /// Wassergehalt bei Sðttigung [cm3/cm3] }
    b_rest3: TPar; /// "Restwassergehalt" [cm3/cm3] }
    alpha3:  TPar; /// Fitparameter "" [1/cm] }
    n_par3:  TPar; /// Fitparameter "n" dimensionslos }
    Ks3:     TPar; /// gesðttigte Leitfðhigkeit [cm.d-1]
    FK3:     TPar; /// Feldkapazitðt [cm3/cm3]
    PWP3:    TPar; /// permanenter Welkepunkt
    nFK3:    TPar; /// nutzbare Feldkapazitðt

    /// van-Genuchten Parameter fuer Horizont 4
    b_sat4:  TPar; /// Wassergehalt bei Sðttigung [cm3/cm3] }
    b_rest4: TPar; /// "Restwassergehalt" [cm3/cm3] }
    alpha4:  TPar; /// Fitparameter "" [1/cm] }
    n_par4:  TPar; /// Fitparameter "n" dimensionslos }
    Ks4:     TPar; /// gesðttigte Leitfðhigkeit [cm.d-1]
    FK4:     TPar; /// Feldkapazitðt [cm3/cm3]
    PWP4:    TPar; /// permanenter Welkepunkt
    nFK4:    TPar; /// nutzbare Feldkapazitðt

    PsiStart1: TPar;
    /// For initalisation of Soil water contents and suction values

    bil_nr: TPar; /// Index of Layer where lower boundary fluxes are calculated
    Weff:   TPar; /// effective rooting deph [cm]

    psi_critEvap: TPar; /// Wasserspannung ab der Evaporation abnimmt [hPa]

    NetRain:    TExternV;   ///  NetRain = Niederschlag - Interzeption
    // THumeNumEntity;              ///  NetRain = Niederschlag - Interzeption
    CumNetRain: TState; /// kumulativer Niederschlag [mm]
    Pot_Evap:   THumeNumEntity; /// potentielle Evaporationsrate

    red_evap:        TVAR;   /// Reduktionsfaktor f■r Evaporation
    Act_Evap:        TVAR;   /// aktuelle Evaporationsrate
    Exfiltration:    TVAR;   /// Estimation of maximum exfiltration rate
    CumEvap:         TState; /// kumulative Evaporation
    CumDrainage:     TState;
    /// kumulative Sickerwasserspende/kapillarer Aufstieg [mm]
    CumWaterBalance: TState; /// kumulative Bilanz [mm] zur Kontrolle!
    CumRunoff:       TState;

    SumSoilWater, /// sum of soil water down to boundary given by the Par "bil_nr"
    SumPAVSoilWater: TVAR;
    /// sum of plant available soil water down to boundary given by the Par "bil_nr"
    SumPAvSoilWaterRZ: TVAR;
              /// sum of plant available soil water in the rooting zone (down to Weff)
    dt: TVAR; /// interne Zeitschrittweite des Diff. Wassertransportmodells
    n_int_timesteps: TVAR;
    SumOfInternalTimeSteps: TVAR; /// Summe der internen Zeitschritte (Kontrollvariable)

    WG0_30, WG30_60, WG60_90, WG90_120, WG0_60, WG0_10, WG0_20, WG0_40,
    WG10_30, WG20_30, WG20_40, WG30_40, WG30_50, WG30_120, WG30_100,
    WG40_60, WG60_80, WG80_100, WG90_110, WG0_100, WG0_120, wg0_90,
    WG60_100:      TVAR;
    ProzNFK0_Weff: TVAR;
    ProzNFK0_100:  TVAR;
    ProzNFK0_30:   TVAR;

    procedure CreateAll; override;

    procedure Init(var GlobMod: Tmod); override;

    procedure CalcEvap_red_f;

    procedure Integrate; override;

    procedure CalcRatesAndIntegrate; virtual;

    procedure CalcRates; override;

    procedure CalcSinks; virtual;

    procedure update_WG_Values;

    procedure BeforeDestruction; override;
    property Texture[i: integer]: TTextureClass Read getTexture;

  published
    property ShowWarnings: boolean Read fShowWarnings Write fShowWarnings;
    property m_model: Tm_model Read fm_model Write fm_model;
    property Opt_CompMethod: TCompMethod Read fCompMethod Write fCompMethod;
    property Opt_red_f: Tred_f Read fred_f Write fred_f;
    property Opt_maxWGchange: TPar Read max_aenderWG Write max_aenderWG;
    property Opt_IterError: TPar Read max_IterError Write max_IterError;


    property Opt_Randbed: TLowerBoundaryCondition Read Untere_Randb Write Untere_Randb;
    property Opt_IniMethod: TIniMethod Read IniMethod Write IniMethod;
    property Opt_maxdt: TPar Read Max_dt Write Max_dt;
    property Opt_nFKCalcMethod: TnFKCalcMethod Read nFKCalcMethod Write nFKCalcMethod;
    property Opt_VanGenPars_from_Texture: TVGParsFromTexture
      Read FVGParsFromTexture Write FVGParsFromTexture;
    property Opt_Ks_from_Texture: TKsFromTexture
      Read FKsFromTexture Write FKsFromTexture;
    property Opt_TextureClass1: TTextureClass Read FTextureClass1 Write FTextureClass1;
    property Opt_TextureClass2: TTextureClass Read FTextureClass2 Write FTextureClass2;
    property Opt_TextureClass3: TTextureClass Read FTextureClass3 Write FTextureClass3;
    property Opt_TextureClass4: TTextureClass Read FTextureClass4 Write FTextureClass4;
    property Opt_TransferWGsToNextINI: boolean Read fTransferWGs Write fTransferWGs;
    property Opt_Weff: TSource Read fWeffOpt Write fWeffOpt;
    /// Option for Source of parameter Weff

    property Ext_NetRain: TExternV Read getNetRain;
    property Ex_PotEvap: TExternV Read getPot_Evap;
    property Ex_Groundwaterdepth: TExternV Read Groundwaterdepth
      Write Groundwaterdepth;

    property Par_b_sat1: TPar Read b_sat1 Write b_sat1;
    property Par_b_rest1: TPar Read b_rest1 Write b_rest1;
    property Par_b_KS1: TPar Read Ks1 Write Ks1;
    property Par_n1: TPar Read n_par1 Write n_par1;
    property Par_alpha1: TPar Read alpha1 Write alpha1;
    property Par_FK1: TPar Read FK1 Write FK1; /// Feldkapazitðt [cm3/cm3]
    property Par_PWP1: TPar Read PWP1 Write PWP1; /// permanenter Welkepunkt
    property Par_nFK1: TPar Read nFK1; /// nutzbare Feldkapazitðt

    property Par_b_sat2: TPar Read b_sat2 Write b_sat2;
    property Par_b_rest2: TPar Read b_rest2 Write b_rest2;
    property Par_b_KS2: TPar Read Ks2 Write Ks2;
    property Par_n2: TPar Read n_par2 Write n_par2;
    property Par_alpha2: TPar Read alpha2 Write alpha2;
    property Par_FK2: TPar Read FK2 Write FK2; /// Feldkapazitðt [cm3/cm3]
    property Par_PWP2: TPar Read PWP2 Write PWP2; /// permanenter Welkepunkt
    property Par_nFK2: TPar Read nFK2; /// nutzbare Feldkapazitðt

    property Par_b_sat3: TPar Read b_sat3 Write b_sat3;
    property Par_b_rest3: TPar Read b_rest3 Write b_rest3;
    property Par_b_KS3: TPar Read Ks3 Write Ks3;
    property Par_n3: TPar Read n_par3 Write n_par3;
    property Par_alpha3: TPar Read alpha3 Write alpha3;
    property Par_FK3: TPar Read FK3 Write FK3; /// Feldkapazitðt [cm3/cm3]
    property Par_PWP3: TPar Read PWP3 Write PWP3; /// permanenter Welkepunkt
    property Par_nFK3: TPar Read nFK3; /// nutzbare Feldkapazitðt

    property Par_b_sat4: TPar Read b_sat4 Write b_sat4;
    property Par_b_rest4: TPar Read b_rest4 Write b_rest4;
    property Par_b_KS4: TPar Read Ks4 Write Ks4;
    property Par_n4: TPar Read n_par4 Write n_par4;
    property Par_alpha4: TPar Read alpha4 Write alpha4;
    property Par_FK4: TPar Read FK4 Write FK4; /// Feldkapazitðt [cm3/cm3]
    property Par_PWP4: TPar Read PWP4 Write PWP4; /// permanenter Welkepunkt
    property Par_nFK4: TPar Read nFK4; /// nutzbare Feldkapazitðt

    property Par_PsiStart1: TPar Read PsiStart1 Write PsiStart1;
    property Par_Weff: TPar Read Weff Write Weff;

    property Var_WG0_30: TVAR Read WG0_30 Write WG0_30;
    property Var_WG30_60: TVAR Read WG30_60 Write WG30_60;
    property Var_WG30_120: TVAR Read WG30_120 Write WG30_120;
    property Var_WG30_100: TVAR Read WG30_100 Write WG30_100;
    property Var_WG60_90: TVAR Read WG60_90 Write WG60_90;
    property Var_WG90_120: TVAR Read WG90_120 Write WG90_120;
    property Var_WG0_100: TVAR Read WG0_100 Write WG0_100;
    property Var_WG0_120: TVAR Read WG0_120 Write WG0_120;
    property Var_WG0_90: TVAR Read wg0_90 Write wg0_90;
    property Var_WG0_60: TVAR Read WG0_60 Write WG0_60;

    property Var_Psi_dummy: TVAR Read PSI_dummy Write PSI_dummy;
    property Var_ActEvap: TVAR Read Act_Evap Write Act_Evap;

    property St_CumEvap: TState Read CumEvap Write CumEvap;
    property St_CumDrainage: TState Read CumDrainage Write CumDrainage;
    property St_CumNetRain: TState Read CumNetRain Write CumNetRain;

    property Par_psi_critEvap: TPar Read psi_critEvap Write psi_critEvap;

    property Par_Horindx1: TPar Read HoriNdx1 Write HoriNdx1;
    property Par_Horindx2: TPar Read HoriNdx2 Write HoriNdx2;
    property Par_Horindx3: TPar Read HoriNdx3 Write HoriNdx3;
    property Par_Horindx4: TPar Read HoriNdx4 Write HoriNdx4;

    property SoilHeatModel: TAbstractSoilHeat Read FSoilHeatModel Write FSoilHeatModel;

  end;

procedure Register;

var
  SoilWaterMod: TSoilWaterMod;

implementation

uses
  SysUtils, Math, Dialogs;

procedure TSoilWaterMod.update_WG_Values;
var
  i: integer;
begin
  // Berechnung der abgeleiteten Wassergehalte f■r verschiedene Bodenschichten

  WG0_30.v  := (theta_arr[1].v + theta_arr[2].v + theta_arr[3].v) / 3;
  WG30_60.v := (theta_arr[4].v + theta_arr[5].v + theta_arr[6].v) / 3;
  WG60_90.v := (theta_arr[7].v + theta_arr[8].v + theta_arr[9].v) / 3;
  WG90_120.v := (theta_arr[10].v + theta_arr[11].v + theta_arr[12].v) / 3;

  WG0_10.v  := theta_arr[1].v;
  WG20_30.v := theta_arr[3].v;
  WG30_40.v := theta_arr[4].v;

  WG0_20.v  := (theta_arr[1].v + theta_arr[2].v) / 2;
  WG20_40.v := (theta_arr[2].v + theta_arr[4].v) / 2;
  WG10_30.v := (theta_arr[2].v + theta_arr[3].v) / 2;
  WG30_50.v := (theta_arr[4].v + theta_arr[5].v) / 2;
  WG40_60.v := (theta_arr[5].v + theta_arr[6].v) / 2;
  WG60_80.v := (theta_arr[7].v + theta_arr[8].v) / 2;
  WG80_100.v := (theta_arr[9].v + theta_arr[10].v) / 2;
  WG90_110.v := (theta_arr[10].v + theta_arr[11].v) / 2;

  WG0_120.v := 0;
  WG0_100.v := 0;
  wg0_90.v  := 0;
  WG0_60.v  := 0;
  WG0_40.v  := 0;
  WG30_120.v := 0;
  WG30_100.v := 0;
  WG60_100.v := 0;

  for i := 4 to 12 do
    WG30_120.v := WG30_120.v + theta_arr[i].v;
  for i := 4 to 10 do
    WG30_100.v := WG30_100.v + theta_arr[i].v;
  for i := 1 to 4 do
    WG0_40.v := WG0_40.v + theta_arr[i].v;
  for i := 1 to 6 do
    WG0_60.v := WG0_60.v + theta_arr[i].v;
  for i := 1 to 9 do
    wg0_90.v := wg0_90.v + theta_arr[i].v;
  for i := 1 to 10 do
    WG0_100.v := WG0_100.v + theta_arr[i].v;
  for i := 1 to 12 do
    WG0_120.v := WG0_120.v + theta_arr[i].v;
  for i := 7 to 10 do
    WG60_100.v := WG60_100.v + theta_arr[i].v;

  WG0_60.v  := WG0_60.v / 6;
  WG0_40.v  := WG0_40.v / 4;
  wg0_90.v  := wg0_90.v / 9;
  WG0_100.v := WG0_100.v / 10;
  WG0_120.v := WG0_120.v / 12;
  WG30_100.v := WG30_100.v / 7;
  WG30_120.v := WG30_120.v / 9;
  WG60_100.v := WG60_100.v / 4;

end;

function TSoilWaterMod.ndx_str(i: integer): string;
begin
  if i <= 9 then
    Result := '_' + IntToStr(i)
  else
    Result := IntToStr(i);
end;

function TSoilWaterMod.getTexture(i: integer): TTextureClass;
begin
  Result := FTextureClass4;
  if i <= HoriNdx3.v then
    Result := FTextureClass3;
  if i <= HoriNdx2.v then
    Result := FTextureClass2;
  if i <= HoriNdx1.v then
    Result := FTextureClass1;
end;

procedure TSoilWaterMod.CreateAll;

var
  i: integer;
  // ndx_str: string;

begin
  fShowWarnings := True;
  inherited CreateAll;
  m_model := Mualem;

  ParCreate('Max_dt', '[d]', 1, max_dt,
    'maximum time step length for internal calculation');
  // Index f■r Bilanzierung
  ParCreate('Max_aenderWG', '[cm3/cm3]', 0.001, Max_aenderWG,
    'maximum WChange during one internal time step'); // Index f■r Bilanzierung
  ParCreate('Max_IterError', '[cm3/cm3]', 0.0001, Max_IterError,
    'maximum Change of Water content during one (Picard)-Iteration ');
  // Index f■r Bilanzierung
  ParCreate('bil_nr', '[]', 18, bil_nr); // Index f■r Bilanzierung

  for i := 1 to n_comp + 1 do
    if WPar[i] = nil then
      WPar[i] := TGenucht.Create;

  ParCreate('HoriNdx1', '[-]', 3, HoriNdx1,
    'unterste Schicht des 1. Bodenhorizonts');
  ParCreate('HoriNdx2', '[-]', 6, HoriNdx2,
    'unterste Schicht des 2. Bodenhorizonts');
  ParCreate('HoriNdx3', '[-]', 10, HoriNdx3,
    'unterste Schicht des 3. Bodenhorizonts');
  ParCreate('HoriNdx4', '[-]', 20, HoriNdx4,
    'unterste Schicht des 4. Bodenhorizonts');

  ParCreate('bsat_scaling', '[-]', 1, bsat_scaling,
    'Skalierungsfaktor f■r bsat (wird in allen Horizonten mit diesem Faktor multipliziert)');
  ParCreate('alpha_scaling', '[-]', 1, alpha_scaling);

  ParCreate('b_sat1', '[cm3.cm-3]', 0.4298, b_sat1);
  ParCreate('b_rest1', '[cm3.cm-3]', 0.09, b_rest1);
  ParCreate('alpha1', '[1/cm]', 0.00677, alpha1,
    'Van-Genuchten-Parameter alpha f■r den 1. Bodenhorizont');
  ParCreate('n_par1', '[-]', 1.29494, n_par1);
  ParCreate('Ks_1', '[-]', 50.0, Ks1);
  ParCreate('FK_1', '[cm3/cm3]', 0.35, FK1);
  ParCreate('nFK_1', '[cm3/cm3]', 0.25, nFK1);
  ParCreate('PWP_1', '[cm3/cm3]', 0.1, PWP1);

  ParCreate('b_sat2', '[cm3.cm-3]', 0.45, b_sat2);
  ParCreate('b_rest2', '[cm3.cm-3]', 0.09, b_rest2);
  ParCreate('alpha2', '[1/cm]', 0.00677, alpha2);
  ParCreate('n_par2', '[-]', 1.29494, n_par2);
  ParCreate('Ks_2', '[-]', 50.0, Ks2);
  ParCreate('FK_2', '[cm3/cm3]', 0.35, FK2);
  ParCreate('nFK_2', '[cm3/cm3]', 0.25, nFK2);
  ParCreate('PWP_2', '[cm3/cm3]', 0.1, PWP2);

  ParCreate('b_sat3', '[cm3.cm-3]', 0.45, b_sat3);
  ParCreate('b_rest3', '[cm3.cm-3]', 0.09, b_rest3);
  ParCreate('alpha3', '[1/cm]', 0.00677, alpha3);
  ParCreate('n_par3', '[-]', 1.29494, n_par3);
  ParCreate('Ks_3', '[-]', 50.0, Ks3);
  ParCreate('FK_3', '[cm3/cm3]', 0.35, FK3);
  ParCreate('nFK_3', '[cm3/cm3]', 0.25, nFK3);
  ParCreate('PWP_3', '[cm3/cm3]', 0.1, PWP3);

  ParCreate('b_sat4', '[cm3.cm-3]', 0.45, b_sat4);
  ParCreate('b_rest4', '[cm3.cm-3]', 0.09, b_rest4);
  ParCreate('alpha4', '[1/cm]', 0.00677, alpha4);
  ParCreate('n_par4', '[-]', 1.29494, n_par4);
  ParCreate('Ks_4', '[-]', 50.0, Ks4);
  ParCreate('FK_4', '[cm3/cm3]', 0.35, FK4);
  ParCreate('nFK_4', '[cm3/cm3]', 0.25, nFK4);
  ParCreate('PWP_4', '[cm3/cm3]', 0.1, PWP4);

  ParCreate('PsiStart1', '[cm]', 500, PsiStart1);
  ParCreate('Weff', '[cm]', 100, Weff, 'effective rooting deph [cm]');

  OptCreate('FVGParsFromTexture', 'FromPar', FVGParsFromTextOption);
  FVGParsFromTextOption.OptionList.Clear;
  FVGParsFromTextOption.OptionList.Add('FromPar');
  FVGParsFromTextOption.OptionList.Add('FromTexture');

  {OptCreate('Texture_version', 'RR', Texture_versionOption);
  Texture_versionOption.OptionList.Clear;
  Texture_versionOption.OptionList.Add('RR');
  Texture_versionOption.OptionList.Add('KA');}

  OptCreate('FKsFromTexture', 'FromPar', FKsFromTextOption);
  FKsFromTextOption.OptionList.Clear;
  FKsFromTextOption.OptionList.Add('FromPar');
  FKsFromTextOption.OptionList.Add('FromTexture');
  OptCreate('act_Evaporation', 'red_f', act_EvaporationOption,
    'Option for calculation actual evaporation');
  act_EvaporationOption.OptionList.Clear;
  act_EvaporationOption.OptionList.Add('red_f');
  act_EvaporationOption.OptionList.Add('inclExfiltration');
  OptCreate('evaporation red_f', 'modifiedBeese', red_fOption,
    'Option for calculation evaporation reduction factor');
  red_fOption.OptionList.Clear;
  red_fOption.OptionList.Add('modifiedBeese');
  red_fOption.OptionList.Add('Beese1978');
  OptCreate('FTextureClass1', 'Sl3', TOption(FTextClass1Option));
  OptCreate('FTextureClass2', 'Sl3', TOption(FTextClass2Option));
  OptCreate('FTextureClass3', 'Sl3', TOption(FTextClass3Option));
  OptCreate('FTextureClass4', 'Sl3', TOption(FTextClass4Option));
  FTextClass1Option.AddTextureClasses;
  FTextClass2Option.AddTextureClasses;
  FTextClass3Option.AddTextureClasses;
  FTextClass4Option.AddTextureClasses;

  // Options for lower boundary: NoFlow, Flow, Content, Groundwatertable
  OptCreate('Untere_Randb', 'ConstContent', OptUntere_Randb);
  OptUntere_Randb.OptionList.Add('ConstContent');
  OptUntere_Randb.OptionList.Add('NoFlux');
  OptUntere_Randb.OptionList.Add('Groundwater');
  OptUntere_Randb.OptionList.Add('FreeFlow');


  OptCreate('IniMethod', 'Parameter', OptIniMethod);
  OptIniMethod.OptionList.Clear;
  OptIniMethod.OptionList.Add('Watercontents');
  OptIniMethod.OptionList.Add('Potentials');
  OptIniMethod.OptionList.Add('Parameter');
  if Opt_IniMethod = Watercontents then
    OptIniMethod.Option := 'watercontents';
  if Opt_IniMethod = Potentials then
    OptIniMethod.Option := 'potentials';
  if Opt_IniMethod = Parameter then
    OptIniMethod.Option := 'parameter';

  fCompMethod := Diffusion; // Defaul Computatio option
  OptCreate('CompMethod', 'Diffusion', OptCompMethod);
  OptCompMethod.OptionList.Clear;
  OptCompMethod.OptionList.Add('Diffusion');
  OptCompMethod.OptionList.Add('Richards');
  OptCompMethod.OptionList.Add('Mixed');
  OptCompMethod.OptionList.Add('MixedHydrus');


  ExternVCreate('Groundwaterdepth', '[cm]', StateField, Groundwaterdepth);
  if Untere_Randb = Groundwatertable then
    Groundwaterdepth.Search := True
  else
    Groundwaterdepth.Search := False;

  ParCreate('psi_critEvap', '[hPa]', 500.0, psi_critEvap);
  StateCreate('CumEvap', '[mm]', 0, True, CumEvap);
  StateCreate('CumDrainage', '[mm]', 0, True, CumDrainage);
  StateCreate('CumWaterBalance', '[mm]', 0, True, CumWaterBalance);
  StateCreate('CumRunoff', '[mm]', 0, True, CumRunoff);

  VarCreate('Exfiltration', '[mm]', 0.0, True, Exfiltration);

  VarCreate('SumSoilWater', '[mm]', 0.0, True, SumSoilWater);
  VarCreate('SumPavSoilWater', '[mm]', 0.0, True, SumPAVSoilWater);
  VarCreate('SumPAvSoilWaterRZ', '[mm]', 0.0, True, SumPAvSoilWaterRZ,
    'sum of plant available soil water in the rooting zone (down to Weff)');
  VarCreate('psi_dummy', '[]', 0.0, True, PSI_dummy);
  VarCreate('n_int_timesteps', '[]', 0.0, True, n_int_timesteps);
  VarCreate('sumof_internaltimesteps', '[]', 0.0, True, SumOfInternalTimeSteps);

  StateCreate('CumNetRain', '[mm]', 0, True, CumNetRain);
  // if not (Netrain is TVar) then
  ExternVCreate('NetRain', '[mm/d]', StateField, NetRain);
  if not (Pot_Evap is TVAR) then
    ExternVCreate('PotEvap', '[mm/d]', StateField, TExternV(Pot_Evap));

  for i := 1 to n_comp + 1 do
  begin
    { if i <= 9 then
      ndx_str := '_' + IntTostr(i)
      else
      ndx_str := IntTostr(i); }

    VarCreate('WG' + ndx_str(i), '[cm3.cm-3]', 0.3, True, theta_arr[i],
      'Wassergehaltsvektor [cm3/cm3]');
    theta_arr[i].readFromFile := True;
    StateCreate('WMenge' + ndx_str(i), '[cm]', theta_arr[i].v * Dicke[i],
      False, WMenge[i], 'Wassermenge je Schicht [cm]');
    WMenge[i].readFromFile := False;
    // Wmenge[i].writetoFile := false;
    VarCreate('Psi' + ndx_str(i), '[cm]', WPar[i].psi_b_f(theta_arr[i].v),
      True, psi_arr[i], '// Wasserspannungsvektor [cm]');
    VarCreate('WFlowInt' + ndx_str(i), '[cm.d-1]', 0.0, False, WflowInt_arr[i]);
    WflowInt_arr[i].writetoFile := False;
    VarCreate('WFlow' + ndx_str(i), '[cm.d-1]', 0.0, False, Wflow_arr[i],
      'Flussvektor [cm/d]');
    Wflow_arr[i].writetoFile := True;
    VarCreate('Sink' + ndx_str(i), '[cm.d-1]', 0.0, False, Sink_arr[i],
      'Sinkvektor [cm]');
    VarCreate('SinkInt_' + ndx_str(i), '[cm.d-1]', 0.0, False, SinkInt_arr[i]);
    SinkInt_arr[i].writetoFile := False;
  end;
  VarCreate('red_evap', '[]', 1.0, False, red_evap);
  VarCreate('act_evap', '[mm/d]', 0.0, False, Act_Evap);
  VarCreate('dt_int', '[d]', 0.1, False, dt);

  Untere_Randb := ConstContent; // default for lower boundary is a constant content
  for i := 1 to n_comp + 1 do
    theta_alt[i] := theta_arr[i].v;

  for i := 1 to n_comp + 1 do
  begin
    WMenge[i].v  := theta_arr[i].v * Dicke[i];
    theta_alt[i] := theta_arr[i].v;
  end;
  VarCreate('WG0_30', '[cm3/cm3]', 0.0, False, WG0_30);
  VarCreate('WG0_40', '[cm3/cm3]', 0.0, False, WG0_40);
  VarCreate('WG30_60', '[cm3/cm3]', 0.0, False, WG30_60);
  VarCreate('WG60_90', '[cm3/cm3]', 0.0, False, WG60_90);
  VarCreate('WG90_120', '[cm3/cm3]', 0.0, False, WG90_120);
  VarCreate('WG0_60', '[cm3/cm3]', 0.0, False, WG0_60);
  VarCreate('WG0_10', '[cm3/cm3]', 0.0, False, WG0_10);
  VarCreate('WG0_20', '[cm3/cm3]', 0.0, False, WG0_20);
  VarCreate('WG10_30', '[cm3/cm3]', 0.0, False, WG10_30);
  VarCreate('WG20_30', '[cm3/cm3]', 0.0, False, WG20_30);
  VarCreate('WG20_40', '[cm3/cm3]', 0.0, False, WG20_40);
  VarCreate('WG30_40', '[cm3/cm3]', 0.0, False, WG30_40);
  VarCreate('WG30_50', '[cm3/cm3]', 0.0, False, WG30_50);
  VarCreate('WG30_120', '[cm3/cm3]', 0.0, False, WG30_120);
  VarCreate('WG30_100', '[cm3/cm3]', 0.0, False, WG30_100);
  VarCreate('WG40_60', '[cm3/cm3]', 0.0, False, WG40_60);
  VarCreate('WG60_80', '[cm3/cm3]', 0.0, False, WG60_80);
  VarCreate('WG80_100', '[cm3/cm3]', 0.0, False, WG80_100);
  VarCreate('WG90_110', '[cm3/cm3]', 0.0, False, WG90_110);
  VarCreate('WG0_100', '[cm3/cm3]', 0.0, False, WG0_100);
  VarCreate('WG0_120', '[cm3/cm3]', 0.0, False, WG0_120);
  VarCreate('WG0_90', '[cm3/cm3]', 0.0, False, wg0_90);
  VarCreate('WG60_100', '[cm3/cm3]', 0.0, False, WG60_100);
  VarCreate('ProzNFK0_Weff', '[%]', 0.0, False, ProzNFK0_Weff);
  VarCreate('ProzNFK0_100', '[%]', 0.0, False, ProzNFK0_100);
  VarCreate('ProzNFK0_30', '[%]', 0.0, False, ProzNFK0_30,
    'Anteil pflanzenverf■gbares Wasser an der nFK in Prozent');

end;


procedure TSoilWaterMod.BeforeDestruction;
var
  i: integer;

begin
  for i := 1 to n_comp + 1 do
    if WPar[i] <> nil then
      FreeAndNil(WPar[i]);
  inherited;
end;

function TSoilWaterMod.getNetRain: TExternV;
begin
  if NetRain is TExternV then
    Result := NetRain
  else
    Result := nil;
end;

function TSoilWaterMod.getPot_Evap: TExternV;
begin
  if Pot_Evap is TExternV then
    Result := TExternV(Pot_Evap)
  else
    Result := nil;
end;

procedure TSoilWaterMod.SetPlantModel(NewPlantmodel: TAbstractPlant);
begin
  inherited;
  ndx_Weff := 0;
  if (fWeffOpt = fromPlantmodel) and IsPlantModelSet then
  begin
    repeat
      Inc(ndx_Weff);
    until (tiefe[ndx_Weff].v >= Plantmodel.Weff) or (ndx_Weff >= n_comp + 1);
  end
  else
  begin
    repeat
      Inc(ndx_Weff);
    until (tiefe[ndx_Weff].v >= Weff.v) or (ndx_Weff >= n_comp + 1);
  end;
end;

procedure TSoilWaterMod.Init(var GlobMod: Tmod);
var
  i: integer;
  error: boolean;
  psiWP, psiFK: real;
  nFK0_Weff, PWP0_Weff, WG0_Weff: real;
  nFK0_100, PWP0_100: real;

begin
  inherited Init(GlobMod);
  MaxAktAenderWaGe := 0.0; // hp & ar 07.01.2010  !
  dt_alt := dt.v;
  red_evap.v := 1.0;
  Act_Evap.v := 0.0;
  dt.v := 0.1;
  dt_alt := dt.v;
  Max_dt.v := min(Max_dt.v, GlobMod.Time.c); // value of maximum timestep
  // UB 20.1.16: Min eingef■gt, damit kleinere maximale Zeitschritte ■ber property
  // einstellbar sind.
  // hk 25.1.01: sollte eigentlich ■ber die Property einzustellen sein ...
  // keine Ahnung wer das reingeschrieben hatte ...
  // max_aenderWG := 0.01; // maximale Wassergehaltsðnderung pro Zeitschritt

  for i := 1 to n_comp + 1 do
  begin
    psi_arr[i].Digits := PSI_dummy.Digits;
    psi_arr[i].Precision := PSI_dummy.Precision;
  end;

  for i := 1 to round(HoriNdx1.v) do
  begin
    WPar[i].b_sat  := b_sat1.v * bsat_scaling.v;
    WPar[i].b_rest := b_rest1.v;
    WPar[i].alpha  := alpha1.v * alpha_scaling.v;
    WPar[i].n_par  := n_par1.v;
    case m_model of
      Mualem:
        WPar[i].m_par := 1 - 1 / n_par1.v;
      Burdine:
        WPar[i].m_par := 1 - 2 / n_par1.v;
      Vereecken:
        WPar[i].m_par := 1;
    end;
    WPar[i].l_par := 0.5;
    WPar[i].Ks := Ks1.v;
  end;

  for i := round(HoriNdx1.v) + 1 to round(HoriNdx2.v) do
  begin
    WPar[i].b_sat  := b_sat2.v * bsat_scaling.v;
    WPar[i].b_rest := b_rest2.v;
    WPar[i].alpha  := alpha2.v * alpha_scaling.v;
    WPar[i].n_par  := n_par2.v;
    case m_model of
      Mualem:
        WPar[i].m_par := 1 - 1 / n_par2.v;
      Burdine:
        WPar[i].m_par := 1 - 2 / n_par2.v;
      Vereecken:
        WPar[i].m_par := 1;
    end;
    WPar[i].l_par := 0.5;
    WPar[i].Ks := Ks2.v;
  end;

  for i := round(HoriNdx2.v) + 1 to round(HoriNdx3.v) do
  begin
    WPar[i].b_sat  := b_sat3.v * bsat_scaling.v;
    WPar[i].b_rest := b_rest3.v;
    WPar[i].alpha  := alpha3.v * alpha_scaling.v;
    WPar[i].n_par  := n_par3.v;
    case m_model of
      Mualem:
        WPar[i].m_par := 1 - 1 / n_par3.v;
      Burdine:
        WPar[i].m_par := 1 - 2 / n_par3.v;
      Vereecken:
        WPar[i].m_par := 1;
    end;
    WPar[i].l_par := 0.5;
    WPar[i].Ks := Ks3.v;
  end;

  for i := round(HoriNdx3.v) + 1 to n_comp + 1 do
  begin
    WPar[i].b_sat  := b_sat4.v * bsat_scaling.v;
    WPar[i].b_rest := b_rest4.v;
    WPar[i].alpha  := alpha4.v * alpha_scaling.v;
    WPar[i].n_par  := n_par4.v;
    case m_model of
      Mualem:
        WPar[i].m_par := 1 - 1 / n_par4.v;
      Burdine:
        WPar[i].m_par := 1 - 2 / n_par4.v;
      Vereecken:
        WPar[i].m_par := 1;
    end;
    WPar[i].l_par := 0.5;
    WPar[i].Ks := Ks4.v;
  end;

  if uppercase(FVGParsFromTextOption.Option) = 'FROMPAR' then
    FVGParsFromTexture := FromPar;
  if uppercase(FVGParsFromTextOption.Option) = 'FROMTEXTURE' then
    FVGParsFromTexture := FromTexture;
  if uppercase(FKsFromTextOption.Option) = 'FROMPAR' then
    FKsFromTexture := FromPar;
  if uppercase(FKsFromTextOption.Option) = 'FROMTEXTURE' then
    FKsFromTexture := FromTexture;
  setTextClassOption(FTextureClass1, FTextClass1Option.Option);
  setTextClassOption(FTextureClass2, FTextClass2Option.Option);
  setTextClassOption(FTextureClass3, FTextClass3Option.Option);
  setTextClassOption(FTextureClass4, FTextClass4Option.Option);

  if FVGParsFromTexture = FromTexture then
  begin
    for i := 1 to round(HoriNdx1.v) do
    begin
      if uppercase(Texture_versionOption.Option) = 'RR' then
        VanGenuchtenFromTextureClass_RR(WPar[i], FTextureClass1)
      else
        VanGenuchtenFromTextureClass_KA(WPar[i], FTextureClass1);
      WPar[i].Ks := Ks1.v;
      case m_model of
        Mualem:
          WPar[i].m_par := 1 - 1 / WPar[i].n_par;
        Burdine:
          WPar[i].m_par := 1 - 2 / WPar[i].n_par;
        Vereecken:
          WPar[i].m_par := 1;
      end;
    end;
    for i := round(HoriNdx1.v) + 1 to round(HoriNdx2.v) do
    begin
      if uppercase(Texture_versionOption.Option) = 'RR' then
        VanGenuchtenFromTextureClass_RR(WPar[i], FTextureClass2)
      else
        VanGenuchtenFromTextureClass_KA(WPar[i], FTextureClass2);
      WPar[i].Ks := Ks2.v;
      case m_model of
        Mualem:
          WPar[i].m_par := 1 - 1 / WPar[i].n_par;
        Burdine:
          WPar[i].m_par := 1 - 2 / WPar[i].n_par;
        Vereecken:
          WPar[i].m_par := 1;
      end;
    end;
    for i := round(HoriNdx2.v) + 1 to round(HoriNdx3.v) do
    begin
      if uppercase(Texture_versionOption.Option) = 'RR' then
        VanGenuchtenFromTextureClass_RR(WPar[i], FTextureClass3)
      else
        VanGenuchtenFromTextureClass_KA(WPar[i], FTextureClass3);
      WPar[i].Ks := Ks3.v;
      case m_model of
        Mualem:
          WPar[i].m_par := 1 - 1 / WPar[i].n_par;
        Burdine:
          WPar[i].m_par := 1 - 2 / WPar[i].n_par;
        Vereecken:
          WPar[i].m_par := 1;
      end;
    end;
    for i := round(HoriNdx3.v) + 1 to n_comp + 1 do
    begin
      if uppercase(Texture_versionOption.Option) = 'RR' then
        VanGenuchtenFromTextureClass_RR(WPar[i], FTextureClass4)
      else
        VanGenuchtenFromTextureClass_KA(WPar[i], FTextureClass4);
      WPar[i].Ks := Ks4.v;
      case m_model of
        Mualem:
          WPar[i].m_par := 1 - 1 / WPar[i].n_par;
        Burdine:
          WPar[i].m_par := 1 - 2 / WPar[i].n_par;
        Vereecken:
          WPar[i].m_par := 1;
      end;
    end;
  end
  else
  begin { FVGParsFromTexture = FromPar }
    for i := 1 to round(HoriNdx1.v) do
    begin
      WPar[i].b_sat  := b_sat1.v * bsat_scaling.v;
      WPar[i].b_rest := b_rest1.v;
      WPar[i].alpha  := alpha1.v * alpha_scaling.v;
      WPar[i].n_par  := n_par1.v;
      case m_model of
        Mualem:
          WPar[i].m_par := 1 - 1 / n_par1.v;
        Burdine:
          WPar[i].m_par := 1 - 2 / n_par1.v;
        Vereecken:
          WPar[i].m_par := 1;
      end;
      WPar[i].l_par := 0.5;
      WPar[i].Ks := Ks1.v;
    end;

    for i := round(HoriNdx1.v) + 1 to round(HoriNdx2.v) do
    begin
      WPar[i].b_sat  := b_sat2.v * bsat_scaling.v;
      WPar[i].b_rest := b_rest2.v;
      WPar[i].alpha  := alpha2.v * alpha_scaling.v;
      WPar[i].n_par  := n_par2.v;
      case m_model of
        Mualem:
          WPar[i].m_par := 1 - 1 / n_par2.v;
        Burdine:
          WPar[i].m_par := 1 - 2 / n_par2.v;
        Vereecken:
          WPar[i].m_par := 1;
      end;
      WPar[i].l_par := 0.5;
      WPar[i].Ks := Ks2.v;
    end;

    for i := round(HoriNdx2.v) + 1 to round(HoriNdx3.v) do
    begin
      WPar[i].b_sat  := b_sat3.v * bsat_scaling.v;
      WPar[i].b_rest := b_rest3.v;
      WPar[i].alpha  := alpha3.v * alpha_scaling.v;
      WPar[i].n_par  := n_par3.v;
      case m_model of
        Mualem:
          WPar[i].m_par := 1 - 1 / n_par3.v;
        Burdine:
          WPar[i].m_par := 1 - 2 / n_par3.v;
        Vereecken:
          WPar[i].m_par := 1;
      end;
      WPar[i].l_par := 0.5;
      WPar[i].Ks := Ks3.v;
    end;

    for i := round(HoriNdx3.v) + 1 to n_comp + 1 do
    begin
      WPar[i].b_sat  := b_sat4.v * bsat_scaling.v;
      WPar[i].b_rest := b_rest4.v;
      WPar[i].alpha  := alpha4.v * alpha_scaling.v;
      WPar[i].n_par  := n_par4.v;
      case m_model of
        Mualem:
          WPar[i].m_par := 1 - 1 / n_par4.v;
        Burdine:
          WPar[i].m_par := 1 - 2 / n_par4.v;
        Vereecken:
          WPar[i].m_par := 1;
      end;
      WPar[i].l_par := 0.5;
      WPar[i].Ks := Ks4.v;
    end;
  end;

  if FKsFromTexture = FromTexture then
  begin
    for i := 1 to round(HoriNdx1.v) do
      if uppercase(Texture_versionOption.Option) = 'RR' then
        WPar[i].Ks := KSFromTextureClass_RR(FTextureClass1)
      else
        WPar[i].Ks := KSFromTextureClass_KA(FTextureClass1);
    for i := round(HoriNdx1.v) + 1 to round(HoriNdx2.v) do
      if uppercase(Texture_versionOption.Option) = 'RR' then
        WPar[i].Ks := KSFromTextureClass_RR(FTextureClass2)
      else
        WPar[i].Ks := KSFromTextureClass_KA(FTextureClass2);
    for i := round(HoriNdx2.v) + 1 to round(HoriNdx3.v) do
      if uppercase(Texture_versionOption.Option) = 'RR' then
        WPar[i].Ks := KSFromTextureClass_RR(FTextureClass3)
      else
        WPar[i].Ks := KSFromTextureClass_KA(FTextureClass3);
    for i := round(HoriNdx3.v) + 1 to n_comp + 1 do
      if uppercase(Texture_versionOption.Option) = 'RR' then
        WPar[i].Ks := KSFromTextureClass_RR(FTextureClass4)
      else
        WPar[i].Ks := KSFromTextureClass_KA(FTextureClass4);
  end;

  // set "property Variable" according to option choise in Options.ini
  if OptIniMethod.Option = 'watercontents' then
    Opt_IniMethod := Watercontents;
  if OptIniMethod.Option = 'potentials' then
    Opt_IniMethod := Potentials;
  if OptIniMethod.Option = 'parameter' then
    Opt_IniMethod := Parameter;


  if Opt_IniMethod = Watercontents then
  begin
    for i := 1 to n_comp + 1 do
    begin
      if theta_arr[i].wasreadfromfile = False then
      begin
        // if initial water content was only measured in upper horizons, it is assumed that psi is decreasing according to layer depth
        if i > 1 then
          psi_arr[i].v := max(10, psi_arr[i - 1].v - Dicke[i])
        else
          // to avoid saturation ...
          psi_arr[i].v := Dicke[i] / 2;
        theta_arr[i].v := WPar[i].b_psi_f(psi_arr[i].v);
      end
      else
        psi_arr[i].v := WPar[i].psi_b_f(theta_arr[i].v);
      GlobMod.StateIniFile.WriteFloat(Name, psi_arr[i].Name, psi_arr[i].v);
      WMenge[i].v  := theta_arr[i].v * Dicke[i];
      theta_alt[i] := theta_arr[i].v;
    end;
  end
  else if Opt_IniMethod = Potentials then
  begin
    for i := 1 to n_comp + 1 do
    begin
      psi_arr[i].v := GlobMod.StateIniFile.ReadFloat(Name, psi_arr[i].Name, 100);
      theta_arr[i].v := WPar[i].b_psi_f(psi_arr[i].v);
      GlobMod.StateIniFile.WriteFloat(Name, theta_arr[i].Name, theta_arr[i].v);
      WMenge[i].v  := theta_arr[i].v * Dicke[i];
      theta_alt[i] := theta_arr[i].v;
    end;
  end
  else if Opt_IniMethod = Parameter then
  begin
    for i := 1 to n_comp + 1 do
    begin
      psi_arr[i].v := PsiStart1.v - (i - 1) * 10;
      theta_arr[i].v := WPar[i].b_psi_f(psi_arr[i].v);
      GlobMod.StateIniFile.WriteFloat(Name, theta_arr[i].Name, theta_arr[i].v);
      WMenge[i].v  := theta_arr[i].v * Dicke[i];
      theta_alt[i] := theta_arr[i].v;
    end;

  end;
  for i := 1 to n_comp + 1 do
  begin
    psi_neu[i] := psi_arr[i].v;
    theta_neu[i] := theta_arr[i].v;
  end;



  if uppercase(OptCompMethod.Option) = 'DIFFUSION' then
    fCompMethod := Diffusion;
  if uppercase(OptCompMethod.Option) = 'RICHARDS' then
    fCompMethod := RICHARDS;
  if uppercase(OptCompMethod.Option) = 'CAPACITY' then
    fCompMethod := Capacity;
  if uppercase(OptCompMethod.Option) = 'MIXED' then
    fCompMethod := Mixed;
  if uppercase(OptCompMethod.Option) = 'MIXEDHYDRUS' then
    fCompMethod := Mixed;



  psiWP := power(10, 4.2);
  psiFK := power(10, 1.8);

  red_evap.v := 1.0;
  Act_Evap.v := 0.0;
  CumEvap.v := 0.0;
  CumDrainage.v := 0.0;
  dt.v := 0.1;
  dt_alt := dt.v;
  Untere_Randb := ConstContent;

  if round(HoriNdx1.v) = 0 then
  begin
    if ShowWarnings then
    begin
      ShowMessage
      ('Warning ! No specification of Indexes for hydraulic parameters');
      ShowMessage('Please check !');
    end;
  end;

  if Opt_nFKCalcMethod = FromParameter then
  begin
    { Berechnung von FK, PWP und nFK aus van-Genuchten-Parametern mit der Funktion b_psi_f (unit UGenucht) }

    Par_FK1.v  := WPar[round(HoriNdx1.v)].b_psi_f(power(10, 1.8));
    Par_PWP1.v := WPar[round(HoriNdx1.v)].b_psi_f(power(10, 4.2));
    Par_nFK1.v := Par_FK1.v - Par_PWP1.v;

    Par_FK2.v  := WPar[round(HoriNdx2.v)].b_psi_f(power(10, 1.8));
    Par_PWP2.v := WPar[round(HoriNdx2.v)].b_psi_f(power(10, 4.2));
    Par_nFK2.v := Par_FK2.v - Par_PWP2.v;

    Par_FK3.v  := WPar[round(HoriNdx3.v)].b_psi_f(power(10, 1.8));
    Par_PWP3.v := WPar[round(HoriNdx3.v)].b_psi_f(power(10, 4.2));
    Par_nFK3.v := Par_FK3.v - Par_PWP3.v;

    Par_FK4.v  := WPar[round(HoriNdx4.v)].b_psi_f(power(10, 1.8));
    Par_PWP4.v := WPar[round(HoriNdx4.v)].b_psi_f(power(10, 4.2));
    Par_nFK4.v := Par_FK4.v - Par_PWP4.v;
  end;

  if uppercase(OptUntere_Randb.Option) = 'CONSTCONTENT' then
    Untere_Randb := Constcontent;
  if uppercase(OptUntere_Randb.Option) = 'NOFLUX' then
    Untere_Randb := NoFlow;
  if uppercase(OptUntere_Randb.Option) = 'GROUNDWATER' then
    Untere_Randb := Groundwatertable;
  if uppercase(OptUntere_Randb.Option) = 'FREEFLOW' then
    Untere_Randb := FreeFlow;


  if Untere_Randb = Groundwatertable then
    Groundwaterdepth.Search := True
  else
    Groundwaterdepth.Search := False;
  { Berechnung der abgeleiteten Wassergehalte f■r verschiedene Bodenschichten }

  // Berechnung der abgeleiteten Wassergehalte f■r verschiedene Bodenschichten
  update_WG_Values;

  for i := 1 to n_comp do
  begin
    FK_Arr[i]  := WPar[i].b_psi_f(psiFK);
    PWP_Arr[i] := WPar[i].b_psi_f(psiWP);
    nFK_Arr[i] := FK_Arr[i] - PWP_Arr[i];
  end;

  nFK0_100 := 0;
  PWP0_100 := 0;
  for i := 1 to 10 do
  begin
    nFK0_100 := nFK0_100 + nFK_Arr[i];
    PWP0_100 := PWP0_100 + PWP_Arr[i];
  end;
  ProzNFK0_100.v := (WG0_100.v - PWP0_100 / 10) / nFK0_100 * 1000;
  ndx_Weff := 0;

  if (fWeffOpt = fromPlantmodel) and IsPlantModelSet then
  begin
    repeat
      Inc(ndx_Weff);
    until tiefe[ndx_Weff].v >= Plantmodel.Weff;
  end
  else
  begin
    repeat
      Inc(ndx_Weff);
    until tiefe[ndx_Weff].v >= Weff.v;
  end;

  nFK0_Weff := 0;
  PWP0_Weff := 0;
  WG0_Weff  := 0;
  for i := 1 to ndx_Weff do
  begin
    WG0_Weff  := WG0_Weff + theta_arr[i].v;
    nFK0_Weff := nFK0_Weff + nFK_Arr[i];
    PWP0_Weff := PWP0_Weff + PWP_Arr[i];
  end;
  SumPAvSoilWaterRZ.v := WG0_Weff - PWP0_Weff;
  ProzNFK0_Weff.v := (WG0_Weff - PWP0_Weff) / nFK0_Weff * 100;
  ProzNFK0_30.v := (WG0_30.v * 3 - (PWP_Arr[1] + PWP_Arr[2] + PWP_Arr[3])) /
    (nFK_Arr[1] + nFK_Arr[2] + nFK_Arr[3]) * 100;

  if uppercase(red_fOption.Option) = 'MODIFIEDBEESE' then
    fred_f := modifiedBeese;
  if uppercase(red_fOption.Option) = 'BEESE1978' then
    fred_f := Beese1978;

end;

procedure TSoilWaterMod.CalcSinks;
begin
  WflowInt_arr[1].v := -0.1 * Act_Evap.v + 0.1 * NetRain.v;
  CumNetRain.c := NetRain.v;
  //  WflowInt_arr[1].v := 0.0;
  //  CumNetRain.c := 0.0;
  //  self.CumEvap.c := 0.0;
end;

procedure TSoilWaterMod.CalcEvap_red_f;
{ ********************************************************************** }
{ Zweck : Ermittlung eines Reduktionsfaktors der die potentielle
  Evaporation um den EinfluÃ einer geringen Bodenfeuchte an der
  Bodenflche korrigiert

  Parameter :

  Name             Inhalt                          Einheit      Typ

  Psi              Bodenwasserspannung im          [cm]         I
  obersten Kompartimente (10 cm Tiefe)

  evap_red_f       Reduktionsfaktor der            [-]           O
  potentiellen Evaporation

  { ********************************************************************** }

var
  red_f: real;
  pF_5:  real;

begin
  red_f := 0.0;
  if psi_arr[1].v > 0.0 then
  begin
    pF_5 := log10(psi_arr[1].v);
    if fred_f = modifiedBeese then
      red_f := -1 * (pF_5 - 4.2) / (4.2 - log10(psi_critEvap.v));
    if fred_f = Beese1978 then
      red_f := -0.5767 * log10(psi_arr[1].v) + 1.78;
  end
  else
    red_f := 0.0;
  if red_f > 1.0 then
    red_f := 1.0;
  if red_f < 0.0 then
    red_f := 0.0;
  red_evap.v := red_f;
end;

procedure TSoilWaterMod.CalcRates;

var
  i: integer;
  OldSumSoilwater: real;

begin

  SumOfInternalTimeSteps.v := 0.0;
  Act_Evap.v := 0.0;
  CumEvap.c  := 0.0;
  CumDrainage.c := 0.0;
  CumRunoff.c := 0.0;
  for i := 1 to n_comp + 1 do
    Wflow_arr[i].v := 0.0;

  n_int_timesteps.v := 0;
  dt.v := dt_alt;
  { Startwert f■r Zeitschrittweiten-Steuerung ist der vorletzte Zeitschritt des vorherigen Tages. }
  act_n_comp := n_comp; // default value for computation index
  if Opt_Randbed = Groundwatertable then
  begin
    act_n_comp := 2;
    repeat
      Inc(act_n_comp);
    until (tiefe[act_n_comp + 1].v >= Groundwaterdepth.v) or (act_n_comp >= n_comp);
  end;
  repeat
    CalcRatesAndIntegrate;
    SumOfInternalTimeSteps.v := SumOfInternalTimeSteps.v + dt.v;
    n_int_timesteps.v := n_int_timesteps.v + 1;
    for i := 1 to n_comp + 1 do
      Wflow_arr[i].v := Wflow_arr[i].v + WflowInt_arr[i].v * dt.v;
    // sink_arr[i].v := sink_arr[i].v + SinkInt_arr[i].v*dt.v;
    Newday := False;
  until SumOfInternalTimeSteps.v >= GlobTime.c;
  NewDay := True;
  OldSumSoilwater := SumSoilWater.v;
  SumSoilWater.v := 0.0;
  SumPAVSoilWater.v := 0.0;
  for i := 1 to trunc(bil_nr.v) do
  begin
    SumSoilWater.v := SumSoilWater.v + WMenge[i].v * 10;
    SumPAVSoilWater.v := SumPAVSoilWater.v + WMenge[i].v * 10 -
      PWP_Arr[i] * Dicke[i] * 10;
  end;

  if GlobTime.v > GlobMod.Starttime then
  begin
    CumWaterBalance.c := (SumSoilWater.v - OldSumSoilwater) +
      (-CumNetRain.c + CumDrainage.c + CumEvap.c + CumRunoff.c) * GlobTime.c;
  end;
end;

procedure TSoilWaterMod.Leitfaehigkeiten;

var
  i: byte;
  Overflow: real;
begin
  if (iter = 0) and (fCompMethod = Diffusion) then
  begin // lineare Extrapolation der Wassergehalte bei der ersten Iteration
    for i := 1 to n_comp do
    begin
      est_theta[i + 1] := 0.5 * (1 + dt.v / (2 * dt_alt)) *
        (theta_arr[i].v + theta_arr[i + 1].v) - 0.25 * dt.v /
        dt_alt * (theta_alt[i] + theta_alt[i + 1]);
      //      psi_arr[i].v := WPar[i].psi_b_f(est_theta[i]);
    end;
    for i := 2 to n_comp + 1 do
    begin
      avg_Dw[i] := sqrt(WPar[i].Dw_f(est_theta[i]) * WPar[i - 1].Dw_f(est_theta[i - 1]));
      avg_Ku[i] := sqrt(WPar[i].Ku_b_f(est_theta[i]) * WPar[i - 1].Ku_b_f(est_theta[i - 1]));
    end;
    for i := 2 to n_comp + 1 do
    begin
      Dw_fact[i] := avg_Dw[i] * dt.v / Abst[i - 1];
      Ku_fact[i] := avg_Ku[i] * dt.v;
    end;
  end else
  begin // weitere Iterationen
    // Berechnung der Wasserdiffusivitðt und der ungesðttigten hydraulischen
    //  Leitfðhigkeit f■r jedes Kompartiment aus dem Mittelwert der Wassergehalte
    //  zu Beginn des Zeitschrittes und zum Ende des Zeitschrittes
    for i := 1 to n_comp + 1 do
    begin
      //     c_arr[i]  := WPar[i].C_psi_f(psi_arr[i].v);
      //       Dw_arr[i] := WPar[i].Dw_f((theta_neu[i] + theta_arr[i].v) / 2.0);
      //       Ku_arr[i] := WPar[i].Ku_b_f((theta_neu[i] + theta_arr[i].v) / 2.0);

      // Version mit C gemittelt ■ber Beginn und Ende Zeitschritt und impliziter Berechnung der Leitfðhigkeiten
      //       c_arr[i]  := (WPar[i].C_psi_f(psi_neu[i])+WPar[i].C_psi_f(psi_arr[i].v))/2;
      Dw_arr[i] := WPar[i].Dw_f(theta_neu[i]);
      Ku_arr[i] := WPar[i].Ku_b_f(theta_neu[i]);

    end;



    { Berechnung des Mittelwertes der Leitfðhigkeit zwischen 2 Kompartimenten }
    for i := 2 to n_comp + 1 do
    begin
      //         if (psi_neu[i-1]>(psi_neu[i]+Abst[i])) and // upward flow according to tensions
      //            (theta_neu[i-1] < theta_neu[i]) then //  upward flow according to soil water
      //             avg_Dw[i] := Dw_arr[i-1];
      //         if (psi_neu[i-1]<(psi_neu[i]+Abst[i])) and // downward flow according to tensions
      //            (theta_neu[i-1] > theta_neu[i]) then //  downward flow according to soil water
      //             avg_Dw[i] := Dw_arr[i];

  {       if (psi_neu[i-1]>(psi_neu[i]+Abst[i])) and // upward flow according to tensions
            (theta_neu[i-1] > theta_neu[i]) then //  downward flow according to soil water
             avg_Dw[i] := 0;

         if (psi_neu[i-1]<(psi_neu[i]+Abst[i])) and // downward flow according to tensions
            (theta_neu[i-1] < theta_neu[i]) then //  upward flow according to soil water
             avg_Dw[i] := 0;       }



      //         avg_Dw[i] := min (Dw_arr[i - 1] , Dw_arr[i]);  //
      //         avg_Ku[i] := min (Ku_arr[i - 1] , Ku_arr[i]); // / 2.0;    //cm/d

      //    avg_Dw[i] := (Dw_arr[i - 1] + Dw_arr[i]) / 2.0;    //cm2/d
      //    avg_Ku[i] := (Ku_arr[i - 1] + Ku_arr[i]) / 2.0;    //cm/d

      // harmonic mean of conductivities
      avg_Dw[i] := sqrt(Dw_arr[i - 1] * Dw_arr[i]);    //cm2/d
      avg_Ku[i] := sqrt(Ku_arr[i - 1] * Ku_arr[i]);    //cm/d

    end;

       { Berechnung von Koeffizienten f■r die Aufstellung des Gleichungssystems,
         Abst.vektor mit dem Index i-1, weil Abstand zwischen erstem und
         zweiten Kompartiment Index 1 hat (verschobene Indizierung }
    for i := 2 to n_comp + 1 do
    begin
      { unter PWP  => keine Fl■sse }// Ratjen 20.07.17
      if ((theta_neu[i] < PWP_Arr[i]) and (Dw_fact[i] > 0)) then
      begin
        avg_Dw[i]  := 0.0;
        avg_Ku[i]  := 0.0;
        Dw_fact[i] := 0.0;
        Ku_fact[i] := 0.0;
      end else
      begin
        Dw_fact[i] := avg_Dw[i] * dt.v / Abst[i - 1];
        Ku_fact[i] := avg_Ku[i] * dt.v;
      end;
      { Bei WG > Sat  => keine Fl■sse }// Ratjen
    { if ((theta_neu[i] >= WPar[i].b_sat) and (Dw_fact[i]<0)) then
     begin
       avg_Dw[i] := 0.0;
       avg_Ku[i] := 0.0;
       Dw_fact[i] := 0.0;
       Ku_fact[i] := 0.0;
     end else begin
       Dw_fact[i] := avg_Dw[i] * dt.v / Abst[i - 1];
       Ku_fact[i] := avg_Ku[i] * dt.v;
     end;
     }
    end;
  end;

  if FSoilHeatModel <> nil then
  begin
    for i := 1 to n_comp + 1 do
    begin
      if FSoilHeatModel.Temp[i].v <= 0 then
      begin
        avg_Ku[i] := 0.0;
        Ku_fact[i] := 0.0;
        P[i]  := 0.0;
        kf[i] := 0.0;
      end;
    end;
  end;
end;

procedure TSoilWaterMod.Integrate;
var
  NextINI, NextStateINI: TMyIniFile;
  i: integer;
  ndx_str: string;
  nFK0_Weff, PWP0_Weff, WG0_Weff: real;
  nFK0_100, PWP0_100: real;
begin
  inherited;

  nFK0_100 := 0;
  PWP0_100 := 0;
  for i := 1 to 10 do
  begin
    nFK0_100 := nFK0_100 + nFK_Arr[i];
    PWP0_100 := PWP0_100 + PWP_Arr[i];
  end;
  ProzNFK0_100.v := (WG0_100.v - PWP0_100 / 10) / nFK0_100 * 1000;
  nFK0_Weff := 0;
  PWP0_Weff := 0;
  WG0_Weff  := 0;
  for i := 1 to ndx_Weff do
  begin
    WG0_Weff  := WG0_Weff + theta_arr[i].v * (tiefe[i].v - tiefe[i - 1].v);
    nFK0_Weff := nFK0_Weff + nFK_Arr[i] * (tiefe[i].v - tiefe[i - 1].v);
    PWP0_Weff := PWP0_Weff + PWP_Arr[i] * (tiefe[i].v - tiefe[i - 1].v);
  end;
  SumPAvSoilWaterRZ.v := (WG0_Weff - PWP0_Weff) * 10;
  ProzNFK0_Weff.v := (WG0_Weff - PWP0_Weff) / nFK0_Weff * 100;
  ProzNFK0_30.v := (WG0_30.v * 3 - (PWP_Arr[1] + PWP_Arr[2] + PWP_Arr[3])) /
    (nFK_Arr[1] + nFK_Arr[2] + nFK_Arr[3]) * 100;
  if Opt_TransferWGsToNextINI and (GlobTime.v = GlobMod.Endtime) then
  begin
    if GlobMod.IniFileNames.IndexOf(GlobMod.ActIniFile.FileName) =
      GlobMod.IniFileNames.Count - 1 then
      exit;
    NextINI := TMyIniFile.Create;
    NextINI.Init(GlobMod.IniFileNames[GlobMod.IniFileNames.IndexOf
      (GlobMod.ActIniFile.FileName) + 1]);
    NextStateINI := TMyIniFile.Create;
    NextStateINI.Init(NextINI.ReadString('FileNames', 'StateIniFN', ''));
    for i := 1 to n_comp + 1 do
    begin
      if i <= 9 then
        ndx_str := '_' + IntToStr(i)
      else
        ndx_str := IntToStr(i);
      NextStateINI.WriteString(Name, 'WG' + ndx_str,
        FloatToStrF(theta_arr[i].v, ffFixed, 9, 6));
    end;
    NextINI.Free;
    NextStateINI.Free;
  end;
end;

procedure TSoilWaterMod.get_bilanz;

{ ********************************************************************** }
  { Zweck : Berechnung der Massenbilanz und der maximalen Wassergehalts-
    ðnderung im Simulationszeitschritt

    Parameter :

    Name             Inhalt                          Einheit      Typ
    w_rec            Record mit den Wasserdaten                    I
    ( siehe Typdefinitionen )
    geo_rec          Record mit den Geometriedaten                 I
    comps            Zahl der Kompartimente           [-]          I

    max_d_WaGe       maximale Wassergehaltsnderung   [cm3/cm3]    O }
{ ********************************************************************** }

var
  i: byte;

  net_flow, { Netto-Fluss                       [cm] }
  d_WaMe, { Aenderung der Wassermengeim Kompartiment                  [cm] }
  d_WaGe, { nderung des Wassergehaltes  im Kompartiment                  [cm3/cm3] }
  sum_d_WaMe, { Summe der Wassermengen-aenderungen                       [cm] }
  sum_sink { Summe der Sink-Terme            [cm] }: real;

  Bilanz_f_arr: TSoilArray;

begin
  for I := 0 to n_comp + 1 do
    Bilanz_f_arr[i] := 0.0;
  MaxAktAenderWaGe := 0.0;
  sum_d_WaMe := 0.0;
  sum_sink := 0.0;
  akt_bilanz_f := 0.0;
  for i := 1 to n_comp do
  begin
    net_flow := (WflowInt_arr[i].v - WflowInt_arr[i + 1].v) * dt.v;   //[cm/d]
    d_WaMe := (theta_arr[i].v - theta_neu[i]) * Dicke[i];
    d_WaGe := theta_arr[i].v - theta_neu[i];
    Bilanz_f_arr[i] := d_WaMe + net_flow - Sink_arr[i].v * dt.v;
    akt_bilanz_f := akt_bilanz_f + Bilanz_f_arr[i];
    if abs(d_WaGe) > MaxAktAenderWaGe then
      MaxAktAenderWaGe := abs(d_WaGe);
    sum_d_WaMe := sum_d_WaMe + d_WaMe;
    sum_sink := sum_sink + Sink_arr[i].v * dt.v;
  end;
  sum_Bilanz_f := sum_Bilanz_f + akt_bilanz_f;
end;


procedure TSoilWaterMod.get_new_dt;
{ ********************************************************************** }
  { Zweck :  Berechnung der neuen Zeitschrittweite "dt" aufgrund des Verhðltnisses
    der maximal erlaubten Wassergehaltsðnderung zur maximalen aktuellen
    Wassergehaltsðnderung

    Parameter :

    Name             Inhalt                          Einheit      Typ

    max_aender       maximal erlaubte ánderung       [cm3/cm3]    I
    der Wassergehalte in einem
    Zeitschritt

    akt_aender       maximale ánderung des Wasser-   [cm3/cm3]    I
    gehaltes in einem Kompartiment
    im letzten Zeitschritt

    dt               Zeitschrittweite                [d]          O
    dt_alt           letzte Zeitschrittweite         [d]          O }

{ ********************************************************************** }

var
  dt_neu: real;

  i: integer;

begin
  if max(MaxAktAenderWaGe, NetRain.v * dt.v / (Dicke[1] * 10)) <> 0.0 then
  begin
    //      if (dt_alt / dt.v <= 1.5) then
    //        dt_alt := dt.v { Speicherung der alten Zeitschrittweite }
    //      else
    //        dt.v := dt_alt; { wenn der alte Zeitschritt Rest des Tages war,
    //        dann vorletzter Zeitschritt als Startwert f■r neuen Zeitschritt. }
    dt_neu := (max_aenderWG.v / max(MaxAktAenderWaGe, NetRain.v *
      dt.v / (Dicke[1] * 10))) * dt.v;
    if dt_neu > Max_dt.v then
      dt_neu := Max_dt.v; { Zu groÔer Zeitschritt ? }
    if dt_neu > 1.5 * dt.v then
      dt_neu := dt.v * 1.5; { Zu groÔer Zeitschrittsprung ? }

      { um Diskontinuitðten bei der
        Verwendung von Eingabedaten auf tðglicher Basis zu vermeiden ... }
    if SumOfInternalTimeSteps.v + dt_neu > GlobTime.c
    { Ende des Tages ■berschritten mit neuem Zeitschritt ? } then
      dt_neu := (GlobTime.c - SumOfInternalTimeSteps.v);
    dt.v := dt_neu;
  end;

end;


procedure TSoilWaterMod.get_delt_iter_max;
{ ********************************************************************** }
  { Zweck : Berechnung des maximalen Wassergehaltsunterschiedes in einem
    Kompartiment von einem Iterationsschritt zum nðchsten }
{ ********************************************************************** }

var
  i: byte;
  WG_diff: real;

begin
  delt_iter_max := 0.0;
  if (iter > 0) or ResetTimeStep then
  begin
    for i := start to n_comp do
    begin
      WG_diff := abs(last_iter_theta[i] - theta_neu[i]);
      delt_iter_max := max(delt_iter_max, WG_diff);
    end;
  end;
  //    ResetTimeStep := false;
end;


procedure TSoilWatermod.CalcOverflow;
var
  i: integer;
  Overflow, maxstorage: real;
  layer: byte;

begin
  for i := n_comp downto start do
  begin
    if theta_neu[i] > WPar[i].b_sat then
    begin
      Overflow := (theta_neu[i] - WPar[i].b_sat) * Dicke[i];
      // save overshooting amount of water
      theta_neu[i] := WPar[i].b_sat;
      psi_neu[i] := 0;
      layer := i; // start with the lowest layer where overflow occurred
      WflowInt_arr[layer].v := WflowInt_arr[layer].v - Overflow / dt.v;
      repeat
        if theta_neu[layer] < WPar[layer].b_sat then
        begin // water capacity available?
          maxstorage := (WPar[layer].b_sat - theta_neu[layer]) * Dicke[layer];
          // how much?
          if Overflow > maxstorage then
          begin // everything fits in this layer ?
            theta_neu[layer] := WPar[layer].b_sat;
            Overflow := Overflow - maxstorage;
          end
          else
          begin
            theta_neu[layer] := theta_neu[layer] + Overflow / Dicke[layer];
            Overflow := 0.0;
          end;
          WflowInt_arr[layer].v := WflowInt_arr[layer].v + Overflow / dt.v;
        end;
        Dec(layer)
      until (layer = 0) or (Overflow <= 0);
      // all overflow distributed or surface layer reached ...
      if Overflow > 0 then
        CumRunoff.c := CumRunoff.c + Overflow * 10 * globtime.c;
    end;
    if theta_neu[i] < WPar[i].b_rest then
    begin
      theta_neu[i] := WPar[i].b_rest;
    end;
    psi_neu[i] := WPar[i].psi_b_f(theta_neu[i]);

  end;
end;



procedure TSoilWaterMod.CalcRatesAndIntegrate;

begin
  Exfiltration.v := Dw_arr[1] * theta_arr[1].v / (0.5 * Dicke[1]) * 10;
  CalcEvap_red_f;

  // for Debugging    Act_Evap.v := 0.0;

  Act_Evap.v := Pot_Evap.v * red_evap.v;

  if (act_EvaporationOption.Option = 'inclExfiltration') then
    Act_Evap.v := min(Act_Evap.v, Exfiltration.v);

  CalcSinks;

  if fCompMethod = Capacity then
    CapWatSolut; // Kapazitðtsbasiertes Modell
  if fCompMethod = Diffusion then
    Diffwater_solut; // Potentialbasiertes Modell mit Wassergehalten
  if fCompMethod = Richards then
    Richardswater_solut; // Potentialbasiertes Modell mit Wasserspannungen
  if fCompMethod = Mixed then
    Mixedwater_solut; // Potentialbasiertes Modell mit Wasserspannungen
  if fCompMethod = MixedHydrus then
    MixedHydruswater_solut; // Potentialbasiertes Modell mit Wasserspannungen


  // Berechnung der abgeleiteten Wassergehalte f■r verschiedene Bodenschichten
  update_WG_Values;

  //  CumEvap.c := CumEvap.c +
  //    (-WflowInt_arr[1].v * 10 + CumNetRain.c - CumRunoff.c) * dt.v;
  CumEvap.c := CumEvap.c + Act_Evap.v * dt.v;
  // if WFlowInt_arr[1] was reduced because of dry, this is the new ActEvap of InternTimeStep
  CumDrainage.c := CumDrainage.c + WflowInt_arr[trunc(bil_nr.v) + 1].v * 10 * dt.v;
  // hk 25.1.2011: changed to variable depth in case of groundwater higher than depth of comartment bil_nr
end;

{$WRITEABLECONST ON}

procedure TSoilWaterMod.CapWatSolut;

const
  rep: boolean = False;

var
  psiWP, psiFK: real;
  WCap: TSoilArray;
  i: byte;

begin
  if rep = False then
  begin
    { Berechnung der Wasserspannungen [cm] bei Feldkapazitt bzw. beim
      permanenten Welkepunkt }
    psiWP := power(10, 4.2);
    psiFK := power(10, 1.8);

    if nFKCalcMethod = Input then
    begin

      if HoriNdx1.v = 0 then
      begin
        if ShowWarnings then
        begin

          ShowMessage(
            'Warning ! No specification of Indexes for hydraulic parameters');
          ShowMessage('Please check !');
        end;
      end;

      for i := 1 to round(HoriNdx1.v) do
      begin
        FK_Arr[i]  := Par_FK1.v;
        PWP_Arr[i] := Par_PWP1.v;
        nFK_Arr[i] := Par_FK1.v - Par_PWP1.v;
      end;

      for i := round(HoriNdx1.v) + 1 to round(HoriNdx2.v) do
      begin
        FK_Arr[i]  := Par_FK2.v;
        PWP_Arr[i] := Par_PWP2.v;
        nFK_Arr[i] := Par_FK2.v - Par_PWP2.v;
      end;

      for i := round(HoriNdx2.v) + 1 to round(HoriNdx3.v) do
      begin
        FK_Arr[i]  := Par_FK3.v;
        PWP_Arr[i] := Par_PWP3.v;
        nFK_Arr[i] := Par_FK3.v - Par_PWP3.v;
      end;

      for i := round(HoriNdx3.v) + 1 to n_comp + 1 do
      begin
        FK_Arr[i]  := Par_FK4.v;
        PWP_Arr[i] := Par_PWP4.v;
        nFK_Arr[i] := Par_FK4.v - Par_PWP4.v;
      end;
    end
    else
    begin { nFKCalcMethod = FromParameter }
      for i := 1 to n_comp do
      begin
        FK_Arr[i]  := WPar[i].b_psi_f(psiFK);
        PWP_Arr[i] := WPar[i].b_psi_f(psiWP);
        nFK_Arr[i] := FK_Arr[i] - PWP_Arr[i];
        WMenge[i].v := theta_arr[i].v * Dicke[i];
      end;
    end;
    rep := True;
  end; { Ende Initialisierungssequenz }

  dt.v := GlobTime.c;
  // bei Kapazitðtswassermodell immer Zeitschritt des globalen
  // Modells

  for i := 1 to n_comp + 1 do
  begin
    theta_arr[i].v := WMenge[i].v / Dicke[i];
    theta_alt[i] := theta_arr[i].v;
    Wflow_alt[i] := WflowInt_arr[i].v;
    WflowInt_arr[i].v := 0.0;
  end;

  if (NetRain.v > 0.0) then
  begin
    WflowInt_arr[1].v := NetRain.v * 0.1;
    for i := 1 to n_comp do
    begin
      WCap[i] := (FK_Arr[i] - theta_arr[i].v) * Dicke[i];
      if (WCap[i] < WflowInt_arr[i].v) then
      begin // Saturation ?
        theta_arr[i].v := FK_Arr[i];
        WflowInt_arr[i + 1].v := WflowInt_arr[i].v - WCap[i];
      end
      else
      begin
        theta_arr[i].v := theta_arr[i].v + WflowInt_arr[i].v /
          Dicke[i] * GlobTime.c;
        WflowInt_arr[i + 1].v := 0.0;
      end;
    end;
  end;
  // evaporation
  theta_arr[1].v := theta_arr[1].v - 0.1 * Act_Evap.v / Dicke[1] * GlobTime.c;

  // water uptake of plant roots
  for i := 1 to n_comp do
  begin
    theta_arr[i].v := (theta_arr[i].v - Sink_arr[i].v) / Dicke[i] * GlobTime.c;
    psi_arr[i].v := WPar[i].psi_b_f(theta_arr[i].v);
  end;

end; { procedure CapWatSolut }

{ -------------------------------------------------------------------------- }

procedure TSoilWaterMod.get_water_contents;
var
  i: byte;
begin
  for i := 1 to n_comp + 1 do
  begin
    theta_arr[i].v := WMenge[i].v / Dicke[i];
    theta_neu[i] := theta_arr[i].v;
  end;
end;


procedure TSoilWaterMod.set_new_state_vars;
{ ********************************************************************** }
  { Zweck : Umsetzen der errechneten Wassergehalte in die globale
    "state"-Variable, Errechnung der Wasserspannungen }
{ ********************************************************************** }

var
  i: byte;

begin
  for i := 1 to n_comp + 1 do
  begin
    theta_alt[i] := theta_arr[i].v;
    theta_arr[i].v := theta_neu[i];
    psi_arr[i].v := WPar[i].psi_b_f(theta_arr[i].v);
    WMenge[i].v  := theta_arr[i].v * Dicke[i];
  end;
  if Untere_Randb = FreeFlow then
  begin
    theta_arr[n_comp + 1].v := WPar[n_comp].b_psi_f(psi_arr[n_comp].v - Abst[n_comp]);
    psi_arr[n_comp + 1].v := psi_arr[n_comp].v - Abst[n_comp];
  end;
end;


procedure TSoilWaterMod.Diffwater_solut;

var
  Result: byte;
  i: integer;

  procedure obere_Randbedingung;

    { zur Verhinderung von ung■ltigen Funktionsaufrufen wird zuerst
      eine Pr■fung vorgenommen, ob ein Absinken des Wassergehaltes unter den
      "Restwassergehalt b_rest" oder ein Ansteigen ■ber den "Sðttigungs-
      wassergehalt b_sat" zu erwarten ist. Das Ergebniss dieser Pr■fung wird
      in den Variablen "Wet", bzw. "Dry" gespeichert. }

  begin
    dry := False;
    wet := False;
    success := False;

    if (theta_neu[1] > WPar[1].b_sat) and (WflowInt_arr[1].v > 0.0) then
      wet := True; { Pr■fung auf Sðttigung }

    if (theta_neu[1] < WPar[1].b_rest) and (WflowInt_arr[1].v <= 0.0) then
      dry := True; { Pr■fung auf PWP }

    if wet then
    begin
      B_vektor[1] := WPar[1].b_sat - dWg;
      theta_neu[1] := WPar[1].b_sat - dWg;
      start := 2;
    end;

    if dry then
    begin
      B_vektor[1]  := WPar[1].b_rest + dWg;
      theta_neu[1] := WPar[1].b_rest + dWg + NetRain.v * dt.v / 10 / Dicke[1];

      // ToDo ist hier die Berechnung korrekt? Netrain noch einbeziehen??
      WflowInt_arr[1].v := theta_neu[1] - (theta_arr[1].v -
        Sink_arr[1].v * dt.v / Dicke[1]);
      start := 2;
    end;

    if (not wet) and (not dry) then
    begin
      success := True;
      start := 1;
      B_vektor[1] := theta_arr[1].v + WflowInt_arr[1].v * dt.v /
        Dicke[1] - Ku_fact[2] / Dicke[1] - Sink_arr[1].v * dt.v / Dicke[1];
      diag[1] := Dw_fact[2] / Dicke[1] + 1.0;
      upper[1] := -Dw_fact[2] / Dicke[1];
    end;
  end;

  procedure Mittelteil;
  var
    i: integer;
  begin
    for i := start + 1 to n_comp - 1 do
    begin
      B_vektor[i] := theta_arr[i].v - Ku_fact[i + 1] / Dicke[i] +
        Ku_fact[i] / Dicke[i] - Sink_arr[i].v * dt.v / Dicke[i];
      lower[i] := -Dw_fact[i] / Dicke[i];
      diag[i]  := Dw_fact[i] / Dicke[i] + Dw_fact[i + 1] / Dicke[i] + 1.0;
      upper[i] := -Dw_fact[i + 1] / Dicke[i];
    end;
  end;

  procedure untere_Randbedingung;

  { In diesem Fall ist ein vorgegebener unterer Wassergehalt,
    bzw. eine 0-Gradienten Randbedingung vorgegeben }

  begin
    if (Untere_Randb = ConstContent) or (Untere_Randb = Groundwatertable) or
      (Untere_Randb = FreeFlow) then
      { Gehalts-Randbedingungen }
      B_vektor[act_n_comp] := theta_arr[act_n_comp].v + Ku_fact[act_n_comp] /
        Dicke[act_n_comp] - Ku_fact[act_n_comp + 1] / Dicke[act_n_comp + 1] +
        Dw_fact[act_n_comp + 1] * theta_arr[act_n_comp + 1].v /
        Dicke[act_n_comp + 1] - Sink_arr[act_n_comp].v * dt.v / Dicke[act_n_comp]
    else if (Untere_Randb = NoFlow) then
      { No Flow FluÔ-Randbedingung }
      B_vektor[n_comp] := theta_arr[n_comp].v + Ku_fact[n_comp] /
        Dicke[n_comp] - WflowInt_arr[n_comp + 1].v / Dicke[n_comp] -
        Sink_arr[n_comp].v * dt.v / Dicke[n_comp]
    else if ShowWarnings then
      ShowMessage('Lower Boundary not defined!');
    lower[act_n_comp] := -Dw_fact[act_n_comp] / Dicke[act_n_comp];
    diag[act_n_comp]  := Dw_fact[act_n_comp] / Dicke[act_n_comp] +
      Dw_fact[act_n_comp + 1] / Dicke[act_n_comp + 1] + 1.0;
  end;

  procedure Loesung_Gleichungssystem;
  var
    i: byte;
  begin
    Result := trdiag(False, act_n_comp, start, lower, diag, upper, B_vektor);
    if Result <> 0 then
      if showwarnings then
        ShowMessage('Fehler beim L—sen des Gleichungssystems');
    if (Untere_Randb = Groundwatertable) then
      for i := n_comp downto act_n_comp + 1 do
      begin
        last_iter_theta[i] := theta_neu[i];
      end;
    for i := act_n_comp downto start do
    begin
      last_iter_theta[i] := theta_neu[i];
      theta_neu[i] := B_vektor[i];
      if ShowWarnings then
      begin
        if theta_neu[i] < 1E-20 then
        begin
          ShowMessage('Fehler: WMenge_' + IntToStr(i) + ' = 0');
          ShowMessage('Datum: ' + floattostr(globtime.v));
        end;
      end;
    end;
  end;


 { procedure CalcOverflow;
 var
    Overflow : real;
  begin
   // oberste Schicht hat evtl. overflow
   if theta_neu[1] > WPar[1].b_sat then
   begin
     Overflow := (theta_neu[1] - WPar[1].b_sat);
     theta_neu[1]:= theta_neu[1] - Overflow;
     CumRunoff.c := CumRunoff.c + Overflow * Dicke[2] *10 * globtime.c;
   end; // Overflow Ende
  end;
  }

{procedure CalcOverflow;
  var
    i: integer;
    Overflow, maxstorage: real;
    layer: byte;
  begin
    for i := n_comp downto start do
    begin
      if theta_neu[i] > WPar[i].b_sat then
      begin
        Overflow := (theta_neu[i] - WPar[i].b_sat) * Dicke[i];
        // save overshooting amount of water
        theta_neu[i] := WPar[i].b_sat;
        layer := i; // start with the lowest layer where overflow occurred
        repeat
          if theta_neu[layer] < WPar[layer].b_sat then
          begin // water capacity available?
            maxstorage := (WPar[layer].b_sat - theta_neu[layer]) * Dicke[layer];
            // how much?
            if Overflow > maxstorage then
            begin // everything fits in this layer ?
              theta_neu[layer] := WPar[layer].b_sat;
              Overflow := Overflow - maxstorage;
            end
            else
            begin
              theta_neu[layer] := theta_neu[layer] + Overflow / Dicke[layer];
              Overflow := 0.0;
            end;
          end;
          WflowInt_arr[layer].v := WflowInt_arr[layer].v - Overflow / dt.v;
          dec(layer)
        until (layer = 0) or (Overflow <= 0);
        // all overflow distributed or surface layer reached ...
        if Overflow > 0 then
          CumRunoff.c := CumRunoff.c + Overflow * 10 * globtime.c;
      end;
      if theta_neu[i] < 0.0 then
      begin
        theta_neu[i] := 0.0  ;
      end;
    end;
  end;     }



  procedure Find_flows;

  var
    GW_inflow: TSoilArray; // flows induced by increasing groundwater table
    i: byte;
  begin
    if (Untere_Randb = ConstContent) then
    begin
      for i := 2 to act_n_comp + 1 do
      begin
        WflowInt_arr[i].v := avg_Dw[i] * (theta_neu[i - 1] - theta_neu[i]) /
          Abst[i - 1] + avg_Ku[i];
        Wflow_alt[i] := avg_Dw[i] * (theta_alt[i - 1] - theta_alt[i]) /
          Abst[i - 1] + avg_Ku[i];
      end;
    end;

    if (Untere_Randb = Groundwatertable) then
    begin

      for i := 2 to n_comp + 1 do
      begin
        Wflow_alt[i] := avg_Dw[i] * (theta_alt[i - 1] - theta_alt[i]) /
          Abst[i - 1] + avg_Ku[i];
      end;

      for i := 2 to act_n_comp + 1 do
      begin
        WflowInt_arr[i].v := avg_Dw[i] * (theta_neu[i - 1] - theta_neu[i]) /
          Abst[i - 1] + avg_Ku[i];
      end;

      for i := act_n_comp + 1 to n_comp do
      begin
        GW_inflow[i + 1] := (theta_neu[i] - WPar[i].b_sat) * Dicke[i] / dt.v;
        theta_neu[i] := WPar[i].b_sat;
      end;

      for i := act_n_comp + 2 to n_comp + 1 do
      begin
        WflowInt_arr[i].v := WflowInt_arr[i - 1].v + GW_inflow[i];
      end;

    end;

    if (Untere_Randb = FreeFlow) then
    begin
      for i := 2 to n_comp do
      begin
        WflowInt_arr[i].v := avg_Dw[i] * (theta_neu[i - 1] -
          theta_neu[i]) / Abst[i - 1] + avg_Ku[i];
        Wflow_alt[i] := avg_Dw[i] * (theta_alt[i - 1] -
          theta_alt[i]) / Abst[i - 1] + avg_Ku[i];
      end;
      { WflowInt_arr[n_comp+1] := 0.0;      // this would be no flow ...
        flow_alt[n_comp+1] := 0.0; }
    end;

    if (wet and (WflowInt_arr[1].v > WflowInt_arr[2].v)) then
    begin
      WflowInt_arr[1].v := WflowInt_arr[2].v;
      Wflow_alt[1] := Wflow_alt[2];
    end;
    if (dry and (WflowInt_arr[1].v < WflowInt_arr[2].v)) then
    begin
      WflowInt_arr[2].v := WflowInt_arr[1].v;
      Wflow_alt[2] := Wflow_alt[1];
    end;
  end;

begin { procedure Diffwater_solut }
  iter := 0;
  get_water_contents;
  get_new_dt;
  repeat
    //    repeat
    //calcsinks;
    Leitfaehigkeiten;
    obere_Randbedingung;
    Mittelteil;
    untere_Randbedingung;
    Loesung_Gleichungssystem;
    get_delt_iter_max;
    if (DebugForm <> nil) and DebugModus then
      DebugForm.update;
    //    until success;
    iter := iter + 1;
    if Iter > IterMax then
    begin
      dt.v := dt.v / 10.0;
      for i := 1 to n_comp + 1 do
      begin
        theta_neu[i] := theta_arr[i].v;
        psi_neu[i] := psi_arr[i].v;
        ResetTimeStep := True;
      end;
      iter := 0;
    end;

  until ((delt_iter_max < max_IterError.v) and (iter > 1));
  Find_flows;
  CalcOverflow;
  get_bilanz;
  set_new_state_vars;
end;

{ -------------------------------------------------------------------------- }

procedure TSoilWaterMod.Richardswater_solut;

var
  Result: byte;
  i: integer;



  procedure Leitfaehigkeiten;

  var
    i: byte;

  begin

    for I := 1 to n_comp + 1 do
    begin
      c_arr[i] := WPar[i].C_psi_f(psi_neu[i]);//+WPar[i].C_psi_f(psi_arr[i].v))/2;

      //       c_arr[i] := (WPar[i].C_psi_f(psi_neu[i])+WPar[i].C_psi_f(psi_arr[i].v))/2;
      //    Ku_arr[i] := WPar[i].Ku_psi_f(psi_arr[i].v);
      //       Ku_arr[i] := WPar[i].Ku_b_f((theta_neu[i] + theta_arr[i].v) / 2.0);
      Ku_arr[i] := WPar[i].Ku_b_f(theta_neu[i]);
    end;

    for I := 1 to n_comp do
    begin
      avg_Ku[i] := (Ku_arr[i] {*upper_w_f[i]} + Ku_arr[i + 1] {*lower_w_f[i]}) /
        2;
    end;

    { Berechnung von Koeffizienten fr die Aufstellung des Gleichungssystems}
    for I := 1 to n_comp do
    begin
      if C_arr[i] >= 0.0 then { Tritt Sttigung auf ? }
        P[i] := 0.0 { => keine weitere ánderung der Wassergehalte }
      else
        P[i] := dt.v / (C_arr[i] * Dicke[i]);
      Kf[i] := Avg_ku[i] / Abst[i];
    end;
    { Berechnung der Koeffizienten fr die Aufstellung des Gleichungssystems}

    if FSoilHeatModel <> nil then
    begin
      for i := 1 to n_comp + 1 do
      begin
        if fSoilHeatModel.Temp[i].v <= 0 then
        begin
          avg_Ku[i] := 0.0;
          Ku_fact[i] := 0.0;
          p[i]  := 0.0;
          Kf[i] := 0.0;
        end;
      end;
    end;
  end;




  procedure obere_Randbedingung;

  const
    AirDryness = 20000;

  var
    est_theta_1: real;
    theta_airdryness: real;
    i: integer;

    { zur Verhinderung von ung■ltigen Funktionsaufrufen wird zuerst
      eine Pr■fung vorgenommen, ob ein Absinken des Wassergehaltes unter den
      "Restwassergehalt b_rest" oder ein Ansteigen ber den "Sðttigungs-
      wassergehalt b_sat" zu erwarten ist. Das Ergebniss dieser Pr■fung wird
      in den Variablen "Wet", bzw. "Dry" gespeichert. }
  begin
    est_theta_1 := WPar[1].b_psi_f(psi_arr[1].v) + NetRain.v * dt.v / dicke[1];
    theta_airdryness := WPar[1].b_psi_f(Airdryness);
    if (est_theta_1 > theta_airdryness  { AirDryness }) { and (psi_arr[1].v> 1) } then
    begin
      { Wasserspannungen im erlaubten Rahmen ? }
      dry := False;
      start := 1;
      { flow_arr[1] := soll_inflow; }
      B_vektor[1] := psi_arr[1].v + WflowInt_arr[1].v * P[1] -
        avg_Ku[1] * P[1] - Sink_arr[1].v * P[1];

      diag[1]  := -kf[1] * P[1] + 1;
      upper[1] := kf[1] * P[1];
    end
    else
    begin { sonst keine weiteren ánderungen der Wasserspannung }
      if (NetRain.v > 0) and (psi_arr[1].v > 1) then
        psi_neu[1] := WPar[1].psi_b_f(WPar[1].b_psi_f(psi_arr[1].v) +
          NetRain.v * dt.v);
      start := 2; { Berechnung beginnt mit 2. Kompartiment }
      B_vektor[2] := psi_arr[2].v + P[2] * (avg_Ku[1] - avg_Ku[2]) -
        psi_neu[1] * kf[1] * P[2] - Sink_arr[2].v * P[2];
      diag[2]  := -kf[1] * P[2] - kf[2] * P[2] + 1;
      upper[2] := kf[2] * P[2];
      if psi_arr[1].v <= 1 then
      begin
        B_vektor[1] := 1;
        psi_arr[1].v := 1;
        psi_neu[1] := 1;
      end;
    end;
  end;

  procedure Mittelteil;
  var
    i: integer;
  begin
    for i := start + 1 to n_comp - 1 do
    begin
      B_vektor[i] := psi_arr[i].v + P[i] * (avg_Ku[i - 1] - avg_Ku[i]) -
        Sink_arr[i].v * P[i];
      lower[i] := kf[i - 1] * P[i];
      diag[i]  := -kf[i - 1] * P[i] - kf[i] * P[i] + 1;
      upper[i] := kf[i] * P[i];
    end;
  end;



  procedure untere_Randbedingung;
  { In diesem Fall ist ein vorgegebener unterer Wassergehalt,
    bzw. eine 0-Gradienten Randbedingung vorgegeben }

  begin
    if (Untere_Randb = ConstContent) or (Untere_Randb = Groundwatertable) or
      (Untere_Randb = FreeFlow) then
    begin
      { Gehalts-Randbedingungen }
      B_vektor[n_comp] := psi_arr[n_comp].v + P[n_comp] *
        (avg_Ku[n_comp - 1] - avg_Ku[n_comp]) -
        psi_arr[n_comp + 1].v * kf[n_comp] * P[n_comp] -
        Sink_arr[n_comp].v * P[n_comp];
    end
    else if (Untere_Randb = NoFlow) then
    begin
      { No Flow FluÔ-Randbedingung }

      B_vektor[n_comp] := psi_arr[n_comp].v + P[n_comp] *
        (avg_Ku[n_comp - 1]) - Sink_arr[n_comp].v * P[n_comp];

    end else if ShowWarnings then
      ShowMessage('Lower Boundary not defined!');

    lower[n_comp] := kf[n_comp - 1] * P[n_comp];
    diag[n_comp]  := -P[n_comp] * kf[n_comp - 1] - P[n_comp] * kf[n_comp] + 1;

   { B_vektor[n_comp] := psi_arr[n_comp].v + P[n_comp] *
      (avg_Ku[n_comp - 1] - avg_Ku[n_comp]) - psi_arr[n_comp + 1].v * kf
      [n_comp] * P[n_comp] - Sink_arr[n_comp].v * P[n_comp];
    lower[n_comp] := kf[n_comp - 1] * P[n_comp];
    diag[n_comp] := -P[n_comp] * kf[n_comp - 1] - P[n_comp] * kf[n_comp] + 1; }
  end;



  procedure Loesung_Gleichungssystem;
  var
    i: byte;
    C: real;     // specific soil water capacity [1/cm])
  begin
    Result := trdiag(False, act_n_comp, start, lower, diag, upper, B_vektor);
    if Result <> 0 then
      if showwarnings then
        ShowMessage('Fehler beim L—sen des Gleichungssystems');
    if (Untere_Randb = Groundwatertable) then
      for i := n_comp downto act_n_comp + 1 do
      begin
        last_iter_theta[i] := theta_neu[i];
      end;
    for i := act_n_comp downto start do
    begin
      last_iter_theta[i] := theta_neu[i];
      { Umsetzen der berechneten Spannungen}
      psi_neu[i] := max(0, B_vektor[i]);
      // Neue Wassergehalte aus Ableitung

      //       C := WPar[i].C_b_f(theta_arr[i].v);
      C := WPar[i].C_psi_f(psi_neu[i]);
      theta_neu[i] := theta_arr[i].v + C *
        (psi_neu[i] - psi_arr[i].v);
      if ShowWarnings then
      begin
        if theta_neu[i] < 1E-20 then
        begin
          ShowMessage('Fehler: WMenge_' + IntToStr(i) + ' = 0');
          ShowMessage('Datum: ' + floattostr(globtime.v));
        end;
      end;
    end;
  end;


  procedure Find_flows;
  var
    i: byte;
  begin
    for i := 2 to n_comp + 1 do
      WflowInt_arr[i].v := avg_Ku[i - 1] *
        ((psi_neu[i] - psi_neu[i - 1]) / Abst[i - 1] + 1);
    if start = 2 then
      WflowInt_arr[1].v := WflowInt_arr[2].v;
    if (dry and (WflowInt_arr[1].v < WflowInt_arr[2].v)) or
      (wet and (WflowInt_arr[1].v > WflowInt_arr[2].v)) then
    begin
      WflowInt_arr[1].v := WflowInt_arr[2].v;
      Wflow_alt[1] := Wflow_alt[2];
    end;
    if Untere_Randb = NoFlow then
      WflowInt_arr[n_comp + 1].v := 0.0;

  end;

begin { procedure Richardswater_solut }
  iter := 0;
  get_water_contents;
  get_new_dt;
  repeat
    //   repeat
    Leitfaehigkeiten;
    obere_Randbedingung;
    Mittelteil;
    untere_Randbedingung;
    Loesung_Gleichungssystem;
    get_delt_iter_max;
    if (DebugForm <> nil) and Debugmodus then
      DebugForm.update;
    //  until success;
    iter := iter + 1;
    if Iter > IterMax then
    begin
      dt.v := dt.v / 10.0;
      for i := 1 to n_comp + 1 do
      begin
        theta_neu[i] := theta_arr[i].v;
        psi_neu[i] := psi_arr[i].v;
        ResetTimeStep := True;
      end;
      iter := 0;
    end;

  until ((delt_iter_max < max_IterError.v) and (iter > 1));
  Find_flows;
  CalcOverflow;
  get_bilanz;
  set_new_state_vars;
end;  // Richards




{ -------------------------------------------------------------------------- }

procedure TSoilWaterMod.Mixedwater_solut;

var
  Result: byte;
  i: integer;
  alpha, beta, gamma, Res: TSoilArray;



  procedure Leitfaehigkeiten;

  var
    i: byte;

  begin

    for I := 1 to n_comp + 1 do
    begin
      c_arr[i] := WPar[i].C_psi_f(psi_neu[i]);//+WPar[i].C_psi_f(psi_arr[i].v))/2;

      //       c_arr[i] := (WPar[i].C_psi_f(psi_neu[i])+WPar[i].C_psi_f(psi_arr[i].v))/2;
      //    Ku_arr[i] := WPar[i].Ku_psi_f(psi_arr[i].v);
      //       Ku_arr[i] := WPar[i].Ku_b_f((theta_neu[i] + theta_arr[i].v) / 2.0);
      Ku_arr[i] := WPar[i].Ku_b_f(theta_neu[i]);
    end;

    for I := 1 to n_comp do
    begin
      //   avg_Ku[i] := (Ku_arr[i] {*upper_w_f[i]} + Ku_arr[i + 1] {*lower_w_f[i]}) / 2;
      avg_Ku[i] := sqrt(Ku_arr[i] * Ku_arr[i + 1]);
    end;


    if FSoilHeatModel <> nil then
    begin
      for i := 1 to n_comp + 1 do
      begin
        if fSoilHeatModel.Temp[i].v <= 0 then
        begin
          avg_Ku[i] := 0.0;
          Ku_fact[i] := 0.0;
          p[i]  := 0.0;
          Kf[i] := 0.0;
        end;
      end;
    end;
  end;




  procedure obere_Randbedingung;

  const
    AirDryness = 20000;

  var
    est_theta_1: real;
    theta_airdryness: real;
    i: integer;

    { zur Verhinderung von ung■ltigen Funktionsaufrufen wird zuerst
      eine Pr■fung vorgenommen, ob ein Absinken des Wassergehaltes unter den
      "Restwassergehalt b_rest" oder ein Ansteigen ber den "Sðttigungs-
      wassergehalt b_sat" zu erwarten ist. Das Ergebniss dieser Pr■fung wird
      in den Variablen "Wet", bzw. "Dry" gespeichert. }
  begin
    //    est_theta_1 := WPar[1].b_psi_f(psi_arr[1].v) + NetRain.v * dt.v/dicke[1];
    //    theta_airdryness := WPar[1].b_psi_f(Airdryness);
    //    if (est_theta_1 > theta_airdryness  { AirDryness } ) { and (psi_arr[1].v> 1) } then
    //    begin
    { Wasserspannungen im erlaubten Rahmen ? }
    dry := False;
    start := 1;
    { flow_arr[1] := soll_inflow; }
    Res[1] := wFlowInt_arr[1].v / Dicke[1]        // Fluxcondition, known
      - avg_Ku[1] / (Dicke[1] * Abst[1]) *
      (psi_arr[2].v - psi_arr[1].v) // pressure induced flow to second layer
      - (avg_Ku[1]) /
      Dicke[1]                                     // gravitational flow induced to second layer
      - (theta_neu[1] - theta_arr[1].v) / dt.v
      // soil water change
      - Sink_arr[1].v / (Dicke[1]);                               // sink
    alpha[1] := 0.0;
    beta[1] := C_arr[1] / dt.v + (avg_ku[1]) / (Abst[1] * Dicke[1]);
    gamma[1] := -avg_ku[1] / (Abst[1] * Dicke[1]);
    //    end
    //    else
    //    begin { sonst keine weiteren ánderungen der Wasserspannung }
    //      if (NetRain.v > 0) and (psi_arr[1].v > 1) then
    //        psi_neu[1] := WPar[1].psi_b_f
    //          (WPar[1].b_psi_f(psi_arr[1].v) + NetRain.v * dt.v);
    //      start := 2; { Berechnung beginnt mit 2. Kompartiment }
    //      B_vektor[2] := psi_arr[2].v + P[2] * (avg_Ku[1] - avg_Ku[2])
    //        - psi_neu[1] * kf[1] * P[2] - Sink_arr[2].v * P[2];
    //      diag[2] := -kf[1] * P[2] - kf[2] * P[2] + 1;
    //      upper[2] := kf[2] * P[2];
    //      if psi_arr[1].v <= 1 then
    //      begin
    //        B_vektor[1] := 1;
    //        psi_arr[1].v := 1;
    //        psi_neu[1] := 1;
    //      end;
    //    end;
  end;

  procedure Mittelteil;
  var
    i: integer;
  begin
    for i := start + 1 to n_comp - 1 do
    begin
      Res[i]  := avg_Ku[i - 1] / (Dicke[i] * Abst[i]) *
        (psi_arr[i].v - psi_arr[i - 1].v)  // inflow from upper layer
        - avg_Ku[i] / (Dicke[i] * Abst[i]) *
        (psi_arr[i + 1].v - psi_arr[i].v)  // outflow to lower layer
        + (avg_Ku[i - 1] - avg_Ku[i]) /
        Dicke[i]                            // gravitational flows
        - (theta_neu[i] - theta_arr[i].v) / dt.v
        // soil water change
        - Sink_arr[i].v / (Dicke[i]);
      // sink term
      alpha[i] := -avg_ku[i - 1] / (Abst[i] * Dicke[i]);
      beta[i] := C_arr[i] / dt.v + (avg_ku[i - 1] + avg_ku[i]) / (Abst[i] * Dicke[i]);
      gamma[i] := -avg_ku[i] / (Abst[i] * Dicke[i]);
    end;
  end;



  procedure untere_Randbedingung;
  { In diesem Fall ist ein vorgegebener unterer Wassergehalt,
    bzw. eine 0-Gradienten Randbedingung vorgegeben }

  begin
    if (Untere_Randb = ConstContent)
    //or (Untere_Randb = Groundwatertable)  or (Untere_Randb = FreeFlow)
    then
    begin
      { Gehalts-Randbedingungen }
      Res[n_comp] := avg_Ku[n_comp - 1] / (Dicke[n_comp] * Abst[n_comp]) *
        (psi_arr[n_comp].v - psi_arr[n_comp - 1].v) - avg_Ku[n_comp] /
        (Dicke[n_comp] * Abst[n_comp + 1]) * (psi_arr[n_comp + 1].v - psi_arr[n_comp].v) +
        (avg_Ku[n_comp - 1] - avg_Ku[n_comp]) / Dicke[n_comp] -
        (theta_neu[n_comp] - theta_arr[n_comp].v) / dt.v -
        Sink_arr[n_comp].v / (Dicke[n_comp]);
    end;
    //    else if (Untere_Randb = NoFlow) then begin
    // No Flow FluÔ-Randbedingung }

    //       B_vektor[n_comp] := psi_arr[n_comp].v + P[n_comp] * (avg_Ku[n_comp - 1])
    //                           - Sink_arr[n_comp].v * P[n_comp];

    //     end else if ShowWarnings then
    //       ShowMessage('Lower Boundary not defined!');

    alpha[n_comp] := -avg_ku[n_comp - 1] / (Abst[n_comp] * Dicke[n_comp]);
    beta[n_comp]  := C_arr[n_comp] / dt.v + (avg_ku[n_comp - 1] + avg_ku[n_comp]) /
      (Abst[n_comp] * Dicke[n_comp]);
    gamma[n_comp] := 0.0;

   { B_vektor[n_comp] := psi_arr[n_comp].v + P[n_comp] *
      (avg_Ku[n_comp - 1] - avg_Ku[n_comp]) - psi_arr[n_comp + 1].v * kf
      [n_comp] * P[n_comp] - Sink_arr[n_comp].v * P[n_comp];
    lower[n_comp] := kf[n_comp - 1] * P[n_comp];
    diag[n_comp] := -P[n_comp] * kf[n_comp - 1] - P[n_comp] * kf[n_comp] + 1; }
  end;



  procedure Loesung_Gleichungssystem;
  var
    i: byte;
    C: real;     // specific soil water capacity [1/cm])
  begin
    Result := trdiag(False, act_n_comp, start, alpha, beta, gamma, Res);
    if Result <> 0 then
      if showwarnings then
        ShowMessage('Fehler beim L—sen des Gleichungssystems');
    if (Untere_Randb = Groundwatertable) then
      for i := n_comp downto act_n_comp + 1 do
      begin
        last_iter_theta[i] := theta_neu[i];
      end;
    for i := act_n_comp downto start do
    begin
      last_iter_theta[i] := theta_neu[i];
      { Umsetzen der berechneten Spannungen}
      psi_neu[i] := psi_neu[i] + Res[i];
      // Neue Wassergehalte aus Ableitung

      //       C := WPar[i].C_b_f(theta_arr[i].v);
      C := WPar[i].C_psi_f(psi_neu[i]);
      //       theta_neu[i] :=   theta_arr[i].v + C *
      //                           (psi_neu[i] - psi_arr[i].v);
      theta_neu[i] := WPar[i].b_psi_f(psi_neu[i]);
      if ShowWarnings then
      begin
        if theta_neu[i] < 1E-20 then
        begin
          ShowMessage('Fehler: WMenge_' + IntToStr(i) + ' = 0');
          ShowMessage('Datum: ' + floattostr(globtime.v));
        end;
      end;
    end;
  end;



  procedure Find_flows;
  var
    i: byte;
  begin
    for i := 2 to n_comp + 1 do
      WflowInt_arr[i].v := avg_Ku[i - 1] *
        ((psi_neu[i] - psi_neu[i - 1]) / Abst[i - 1] + 1);
    if start = 2 then
      WflowInt_arr[1].v := WflowInt_arr[2].v;
    if (dry and (WflowInt_arr[1].v < WflowInt_arr[2].v)) or
      (wet and (WflowInt_arr[1].v > WflowInt_arr[2].v)) then
    begin
      WflowInt_arr[1].v := WflowInt_arr[2].v;
      Wflow_alt[1] := Wflow_alt[2];
    end;
    if Untere_Randb = NoFlow then
      WflowInt_arr[n_comp + 1].v := 0.0;

  end;

begin { procedure Mixedwater_solut }
  iter := 0;
  get_water_contents;
  get_new_dt;
  repeat
    // repeat
    Leitfaehigkeiten;
    obere_Randbedingung;
    Mittelteil;
    untere_Randbedingung;
    Loesung_Gleichungssystem;
    get_delt_iter_max;
    if (DebugForm <> nil) and Debugmodus then
      DebugForm.update;
    //until success;
    iter := iter + 1;
    if Iter > IterMax then
    begin
      dt.v := max(1e-6, dt.v / 3.0);
      for i := 1 to n_comp + 1 do
      begin
        theta_neu[i] := theta_arr[i].v;
        psi_neu[i] := psi_arr[i].v;
        ResetTimeStep := True;
      end;
      iter := 0;
    end;

  until ((delt_iter_max < max_IterError.v) and (iter > 1)) or (dt.v < 2e-6);
  Find_flows;
  CalcOverflow;
  get_bilanz;
  set_new_state_vars;
end;

{ -------------------------------------------------------------------------- }

procedure TSoilWaterMod.MixedHydruswater_solut;

var
  Result: byte;
  i: integer;
  alpha, beta, gamma, Res: TSoilArray;



  procedure Leitfaehigkeiten;

  var
    i: byte;

  begin

    for I := 1 to n_comp + 1 do
    begin
      c_arr[i] := WPar[i].C_psi_f(psi_neu[i]);//+WPar[i].C_psi_f(psi_arr[i].v))/2;

      //       c_arr[i] := (WPar[i].C_psi_f(psi_neu[i])+WPar[i].C_psi_f(psi_arr[i].v))/2;
      //    Ku_arr[i] := WPar[i].Ku_psi_f(psi_arr[i].v);
      //       Ku_arr[i] := WPar[i].Ku_b_f((theta_neu[i] + theta_arr[i].v) / 2.0);
      Ku_arr[i] := WPar[i].Ku_b_f(theta_neu[i]);
    end;

    for I := 1 to n_comp do
    begin
      //   avg_Ku[i] := (Ku_arr[i] {*upper_w_f[i]} + Ku_arr[i + 1] {*lower_w_f[i]}) / 2;
      avg_Ku[i] := sqrt(Ku_arr[i] * Ku_arr[i + 1]);
      Kf[i] := avg_Ku[i] / Abst[i];
      P[i]  := dt.v / (C_arr[i] * Dicke[i]);
    end;


    if FSoilHeatModel <> nil then
    begin
      for i := 1 to n_comp + 1 do
      begin
        if fSoilHeatModel.Temp[i].v <= 0 then
        begin
          avg_Ku[i] := 0.0;
          Ku_fact[i] := 0.0;
          p[i]  := 0.0;
          Kf[i] := 0.0;
        end;
      end;
    end;
  end;


  procedure obere_Randbedingung;

  const
    AirDryness = 20000;

  var
    est_theta_1: real;
    theta_airdryness: real;
    i: integer;

    { zur Verhinderung von ung■ltigen Funktionsaufrufen wird zuerst
      eine Pr■fung vorgenommen, ob ein Absinken des Wassergehaltes unter den
      "Restwassergehalt b_rest" oder ein Ansteigen ber den "Sðttigungs-
      wassergehalt b_sat" zu erwarten ist. Das Ergebniss dieser Pr■fung wird
      in den Variablen "Wet", bzw. "Dry" gespeichert. }
  begin
    //    est_theta_1 := WPar[1].b_psi_f(psi_arr[1].v) + NetRain.v * dt.v/dicke[1];
    //    theta_airdryness := WPar[1].b_psi_f(Airdryness);
    //    if (est_theta_1 > theta_airdryness  { AirDryness } ) { and (psi_arr[1].v> 1) } then
    //    begin
    { Wasserspannungen im erlaubten Rahmen ? }
    dry := False;
    start := 1;
    { flow_arr[1] := soll_inflow; }
    Res[1] := psi_neu[1] * P[1] +
      wFlowInt_arr[1].v        // Fluxcondition, known
      - avg_Ku[1]
      // gravitational flow induced to second layer
      - (theta_neu[1] - theta_arr[1].v) * Dicke[1] / dt.v
      // soil water change
      - Sink_arr[1].v;                               // sink
    alpha[1] := 0.0;
    beta[1] := P[1] - Kf[1];
    gamma[1] := Kf[1];
    //    end
    //    else
    //    begin { sonst keine weiteren ánderungen der Wasserspannung }
    //      if (NetRain.v > 0) and (psi_arr[1].v > 1) then
    //        psi_neu[1] := WPar[1].psi_b_f
    //          (WPar[1].b_psi_f(psi_arr[1].v) + NetRain.v * dt.v);
    //      start := 2; { Berechnung beginnt mit 2. Kompartiment }
    //      B_vektor[2] := psi_arr[2].v + P[2] * (avg_Ku[1] - avg_Ku[2])
    //        - psi_neu[1] * kf[1] * P[2] - Sink_arr[2].v * P[2];
    //      diag[2] := -kf[1] * P[2] - kf[2] * P[2] + 1;
    //      upper[2] := kf[2] * P[2];
    //      if psi_arr[1].v <= 1 then
    //      begin
    //        B_vektor[1] := 1;
    //        psi_arr[1].v := 1;
    //        psi_neu[1] := 1;
    //      end;
    //    end;
  end;

  procedure Mittelteil;
  var
    i: integer;
  begin
    for i := start + 1 to n_comp - 1 do
    begin
      Res[i]  := psi_neu[i] * P[i] +
        avg_Ku[i - 1] - avg_Ku[i]                           // gravitational flows
        - (theta_neu[i] - theta_arr[i].v) * Dicke[i] / dt.v     // soil water change
        - Sink_arr[i].v;                                  // sink term
      alpha[i] := Kf[i - 1];
      beta[i] := P[i] - Kf[i - 1] - Kf[i];
      gamma[i] := Kf[i];
    end;
  end;



  procedure untere_Randbedingung;
  { In diesem Fall ist ein vorgegebener unterer Wassergehalt,
    bzw. eine 0-Gradienten Randbedingung vorgegeben }

  begin
    if (Untere_Randb = ConstContent)
    //or (Untere_Randb = Groundwatertable)  or (Untere_Randb = FreeFlow)
    then
    begin
      { Gehalts-Randbedingungen }
      Res[n_comp] := Psi_neu[n_comp] * C_arr[n_comp] +
        avg_Ku[n_comp - 1] - avg_Ku[n_comp] -
        Kf[n_comp] * psi_arr[n_comp + 1].v -
        (theta_neu[n_comp] - theta_arr[n_comp].v) * Dicke[n_comp] / dt.v -
        Sink_arr[n_comp].v;
    end;
    //    else if (Untere_Randb = NoFlow) then begin
    // No Flow FluÔ-Randbedingung }

    //       B_vektor[n_comp] := psi_arr[n_comp].v + P[n_comp] * (avg_Ku[n_comp - 1])
    //                           - Sink_arr[n_comp].v * P[n_comp];

    //     end else if ShowWarnings then
    //       ShowMessage('Lower Boundary not defined!');

    alpha[i] := Kf[n_comp - 1];
    beta[i]  := P[n_comp] - Kf[n_comp - 1];
    gamma[i] := 0.0;

   { B_vektor[n_comp] := psi_arr[n_comp].v + P[n_comp] *
      (avg_Ku[n_comp - 1] - avg_Ku[n_comp]) - psi_arr[n_comp + 1].v * kf
      [n_comp] * P[n_comp] - Sink_arr[n_comp].v * P[n_comp];
    lower[n_comp] := kf[n_comp - 1] * P[n_comp];
    diag[n_comp] := -P[n_comp] * kf[n_comp - 1] - P[n_comp] * kf[n_comp] + 1; }
  end;



  procedure Loesung_Gleichungssystem;
  var
    i: byte;
    C: real;     // specific soil water capacity [1/cm])
  begin
    Result := trdiag(False, act_n_comp, start, alpha, beta, gamma, Res);
    if Result <> 0 then
      if showwarnings then
        ShowMessage('Fehler beim L—sen des Gleichungssystems');
    if (Untere_Randb = Groundwatertable) then
      for i := n_comp downto act_n_comp + 1 do
      begin
        last_iter_theta[i] := theta_neu[i];
      end;
    for i := act_n_comp downto start do
    begin
      last_iter_theta[i] := theta_neu[i];
      { Umsetzen der berechneten Spannungen}
      psi_neu[i] := Res[i];
      // Neue Wassergehalte aus Ableitung

      //       C := WPar[i].C_b_f(theta_arr[i].v);
      C := WPar[i].C_psi_f(psi_neu[i]);
      //       theta_neu[i] :=   theta_arr[i].v + C *
      //                           (psi_neu[i] - psi_arr[i].v);
      theta_neu[i] := WPar[i].b_psi_f(psi_neu[i]);
      if ShowWarnings then
      begin
        if theta_neu[i] < 1E-20 then
        begin
          ShowMessage('Fehler: WMenge_' + IntToStr(i) + ' = 0');
          ShowMessage('Datum: ' + floattostr(globtime.v));
        end;
      end;
    end;
  end;



  procedure Find_flows;
  var
    i: byte;
  begin
    for i := 2 to n_comp + 1 do
      WflowInt_arr[i].v := avg_Ku[i - 1] *
        ((psi_neu[i] - psi_neu[i - 1]) / Abst[i - 1] + 1);
    if start = 2 then
      WflowInt_arr[1].v := WflowInt_arr[2].v;
    if (dry and (WflowInt_arr[1].v < WflowInt_arr[2].v)) or
      (wet and (WflowInt_arr[1].v > WflowInt_arr[2].v)) then
    begin
      WflowInt_arr[1].v := WflowInt_arr[2].v;
      Wflow_alt[1] := Wflow_alt[2];
    end;
    if Untere_Randb = NoFlow then
      WflowInt_arr[n_comp + 1].v := 0.0;

  end;

begin { procedure MixedHydruswater_solut }
  iter := 0;
  get_water_contents;
  get_new_dt;
  repeat
    // repeat
    Leitfaehigkeiten;
    obere_Randbedingung;
    Mittelteil;
    untere_Randbedingung;
    Loesung_Gleichungssystem;
    get_delt_iter_max;
    if (DebugForm <> nil) and Debugmodus then
      DebugForm.update;
    //until success;
    iter := iter + 1;
    if Iter > IterMax then
    begin
      dt.v := max(1e-7, dt.v / 10.0);
      for i := 1 to n_comp + 1 do
      begin
        theta_neu[i] := theta_arr[i].v;
        psi_neu[i] := psi_arr[i].v;
        ResetTimeStep := True;
      end;
      iter := 0;
    end;

  until ((delt_iter_max < max_IterError.v) and (iter > 1));// or (dt.v < 2e-7);
  Find_flows;
  CalcOverflow;
  get_bilanz;
  set_new_state_vars;
end;

{ -------------------------------------------------------------------------- }




procedure Register;
begin
  RegisterComponents('Simulation', [TSoilWaterMod]);
end;

end.
